<?xml version="1.0" encoding="UTF-8"?>
<testsuite xmlns:xsi="http://www.w3.org/2001/XMLSchema-instance" xsi:noNamespaceSchemaLocation="https://maven.apache.org/surefire/maven-surefire-plugin/xsd/surefire-test-report-3.0.xsd" version="3.0" name="com.example.internshipplatform.InternshipPlatformApplicationTests" time="3.104" tests="1" errors="0" skipped="0" failures="0">
  <properties>
    <property name="java.specification.version" value="24"/>
    <property name="sun.cpu.isalist" value="amd64"/>
    <property name="sun.jnu.encoding" value="Cp1252"/>
    <property name="java.class.path" value="C:\Users\ezrab\OneDrive\Desktop\GitHub\lahacks25\backend\target\test-classes;C:\Users\ezrab\OneDrive\Desktop\GitHub\lahacks25\backend\target\classes;C:\Users\ezrab\.m2\repository\org\springframework\boot\spring-boot-starter-web\2.5.4\spring-boot-starter-web-2.5.4.jar;C:\Users\ezrab\.m2\repository\org\springframework\boot\spring-boot-starter-json\2.5.4\spring-boot-starter-json-2.5.4.jar;C:\Users\ezrab\.m2\repository\com\fasterxml\jackson\core\jackson-databind\2.12.4\jackson-databind-2.12.4.jar;C:\Users\ezrab\.m2\repository\com\fasterxml\jackson\core\jackson-annotations\2.12.4\jackson-annotations-2.12.4.jar;C:\Users\ezrab\.m2\repository\com\fasterxml\jackson\core\jackson-core\2.12.4\jackson-core-2.12.4.jar;C:\Users\ezrab\.m2\repository\com\fasterxml\jackson\datatype\jackson-datatype-jdk8\2.12.4\jackson-datatype-jdk8-2.12.4.jar;C:\Users\ezrab\.m2\repository\com\fasterxml\jackson\datatype\jackson-datatype-jsr310\2.12.4\jackson-datatype-jsr310-2.12.4.jar;C:\Users\ezrab\.m2\repository\com\fasterxml\jackson\module\jackson-module-parameter-names\2.12.4\jackson-module-parameter-names-2.12.4.jar;C:\Users\ezrab\.m2\repository\org\springframework\boot\spring-boot-starter-tomcat\2.5.4\spring-boot-starter-tomcat-2.5.4.jar;C:\Users\ezrab\.m2\repository\org\apache\tomcat\embed\tomcat-embed-core\9.0.52\tomcat-embed-core-9.0.52.jar;C:\Users\ezrab\.m2\repository\org\apache\tomcat\embed\tomcat-embed-el\9.0.52\tomcat-embed-el-9.0.52.jar;C:\Users\ezrab\.m2\repository\org\apache\tomcat\embed\tomcat-embed-websocket\9.0.52\tomcat-embed-websocket-9.0.52.jar;C:\Users\ezrab\.m2\repository\org\springframework\spring-web\5.3.9\spring-web-5.3.9.jar;C:\Users\ezrab\.m2\repository\org\springframework\spring-webmvc\5.3.9\spring-webmvc-5.3.9.jar;C:\Users\ezrab\.m2\repository\org\springframework\boot\spring-boot-starter-data-mongodb\2.5.4\spring-boot-starter-data-mongodb-2.5.4.jar;C:\Users\ezrab\.m2\repository\org\mongodb\mongodb-driver-sync\4.2.3\mongodb-driver-sync-4.2.3.jar;C:\Users\ezrab\.m2\repository\org\mongodb\bson\4.2.3\bson-4.2.3.jar;C:\Users\ezrab\.m2\repository\org\mongodb\mongodb-driver-core\4.2.3\mongodb-driver-core-4.2.3.jar;C:\Users\ezrab\.m2\repository\org\springframework\data\spring-data-mongodb\3.2.4\spring-data-mongodb-3.2.4.jar;C:\Users\ezrab\.m2\repository\org\springframework\spring-tx\5.3.9\spring-tx-5.3.9.jar;C:\Users\ezrab\.m2\repository\org\springframework\data\spring-data-commons\2.5.4\spring-data-commons-2.5.4.jar;C:\Users\ezrab\.m2\repository\org\slf4j\slf4j-api\1.7.26\slf4j-api-1.7.26.jar;C:\Users\ezrab\.m2\repository\org\springframework\boot\spring-boot-starter-test\2.5.4\spring-boot-starter-test-2.5.4.jar;C:\Users\ezrab\.m2\repository\org\springframework\boot\spring-boot-test\2.5.4\spring-boot-test-2.5.4.jar;C:\Users\ezrab\.m2\repository\org\springframework\boot\spring-boot-test-autoconfigure\2.5.4\spring-boot-test-autoconfigure-2.5.4.jar;C:\Users\ezrab\.m2\repository\com\jayway\jsonpath\json-path\2.5.0\json-path-2.5.0.jar;C:\Users\ezrab\.m2\repository\net\minidev\json-smart\2.3\json-smart-2.3.jar;C:\Users\ezrab\.m2\repository\net\minidev\accessors-smart\1.2\accessors-smart-1.2.jar;C:\Users\ezrab\.m2\repository\org\ow2\asm\asm\5.0.4\asm-5.0.4.jar;C:\Users\ezrab\.m2\repository\jakarta\xml\bind\jakarta.xml.bind-api\2.3.3\jakarta.xml.bind-api-2.3.3.jar;C:\Users\ezrab\.m2\repository\jakarta\activation\jakarta.activation-api\1.2.2\jakarta.activation-api-1.2.2.jar;C:\Users\ezrab\.m2\repository\org\assertj\assertj-core\3.19.0\assertj-core-3.19.0.jar;C:\Users\ezrab\.m2\repository\org\hamcrest\hamcrest\2.2\hamcrest-2.2.jar;C:\Users\ezrab\.m2\repository\org\junit\jupiter\junit-jupiter\5.7.2\junit-jupiter-5.7.2.jar;C:\Users\ezrab\.m2\repository\org\junit\jupiter\junit-jupiter-api\5.7.2\junit-jupiter-api-5.7.2.jar;C:\Users\ezrab\.m2\repository\org\apiguardian\apiguardian-api\1.1.0\apiguardian-api-1.1.0.jar;C:\Users\ezrab\.m2\repository\org\opentest4j\opentest4j\1.2.0\opentest4j-1.2.0.jar;C:\Users\ezrab\.m2\repository\org\junit\platform\junit-platform-commons\1.7.2\junit-platform-commons-1.7.2.jar;C:\Users\ezrab\.m2\repository\org\junit\jupiter\junit-jupiter-params\5.7.2\junit-jupiter-params-5.7.2.jar;C:\Users\ezrab\.m2\repository\org\junit\jupiter\junit-jupiter-engine\5.7.2\junit-jupiter-engine-5.7.2.jar;C:\Users\ezrab\.m2\repository\org\junit\platform\junit-platform-engine\1.7.2\junit-platform-engine-1.7.2.jar;C:\Users\ezrab\.m2\repository\org\mockito\mockito-core\3.9.0\mockito-core-3.9.0.jar;C:\Users\ezrab\.m2\repository\net\bytebuddy\byte-buddy\1.10.20\byte-buddy-1.10.20.jar;C:\Users\ezrab\.m2\repository\net\bytebuddy\byte-buddy-agent\1.10.20\byte-buddy-agent-1.10.20.jar;C:\Users\ezrab\.m2\repository\org\objenesis\objenesis\3.2\objenesis-3.2.jar;C:\Users\ezrab\.m2\repository\org\mockito\mockito-junit-jupiter\3.9.0\mockito-junit-jupiter-3.9.0.jar;C:\Users\ezrab\.m2\repository\org\skyscreamer\jsonassert\1.5.0\jsonassert-1.5.0.jar;C:\Users\ezrab\.m2\repository\com\vaadin\external\google\android-json\0.0.20131108.vaadin1\android-json-0.0.20131108.vaadin1.jar;C:\Users\ezrab\.m2\repository\org\springframework\spring-core\5.3.9\spring-core-5.3.9.jar;C:\Users\ezrab\.m2\repository\org\springframework\spring-jcl\5.3.9\spring-jcl-5.3.9.jar;C:\Users\ezrab\.m2\repository\org\springframework\spring-test\5.3.9\spring-test-5.3.9.jar;C:\Users\ezrab\.m2\repository\org\xmlunit\xmlunit-core\2.8.2\xmlunit-core-2.8.2.jar;C:\Users\ezrab\.m2\repository\org\springframework\boot\spring-boot-starter\2.5.4\spring-boot-starter-2.5.4.jar;C:\Users\ezrab\.m2\repository\org\springframework\boot\spring-boot\2.5.4\spring-boot-2.5.4.jar;C:\Users\ezrab\.m2\repository\org\springframework\boot\spring-boot-autoconfigure\2.5.4\spring-boot-autoconfigure-2.5.4.jar;C:\Users\ezrab\.m2\repository\org\springframework\boot\spring-boot-starter-logging\2.5.4\spring-boot-starter-logging-2.5.4.jar;C:\Users\ezrab\.m2\repository\ch\qos\logback\logback-classic\1.2.5\logback-classic-1.2.5.jar;C:\Users\ezrab\.m2\repository\ch\qos\logback\logback-core\1.2.5\logback-core-1.2.5.jar;C:\Users\ezrab\.m2\repository\org\apache\logging\log4j\log4j-to-slf4j\2.14.1\log4j-to-slf4j-2.14.1.jar;C:\Users\ezrab\.m2\repository\org\apache\logging\log4j\log4j-api\2.14.1\log4j-api-2.14.1.jar;C:\Users\ezrab\.m2\repository\org\slf4j\jul-to-slf4j\1.7.32\jul-to-slf4j-1.7.32.jar;C:\Users\ezrab\.m2\repository\jakarta\annotation\jakarta.annotation-api\1.3.5\jakarta.annotation-api-1.3.5.jar;C:\Users\ezrab\.m2\repository\org\yaml\snakeyaml\1.28\snakeyaml-1.28.jar;C:\Users\ezrab\.m2\repository\org\springframework\ai\spring-ai-starter-model-openai\1.0.0-M7\spring-ai-starter-model-openai-1.0.0-M7.jar;C:\Users\ezrab\.m2\repository\org\springframework\ai\spring-ai-autoconfigure-model-openai\1.0.0-M7\spring-ai-autoconfigure-model-openai-1.0.0-M7.jar;C:\Users\ezrab\.m2\repository\org\springframework\ai\spring-ai-autoconfigure-model-tool\1.0.0-M7\spring-ai-autoconfigure-model-tool-1.0.0-M7.jar;C:\Users\ezrab\.m2\repository\org\springframework\ai\spring-ai-model\1.0.0-M7\spring-ai-model-1.0.0-M7.jar;C:\Users\ezrab\.m2\repository\org\springframework\ai\spring-ai-commons\1.0.0-M7\spring-ai-commons-1.0.0-M7.jar;C:\Users\ezrab\.m2\repository\io\micrometer\micrometer-core\1.14.5\micrometer-core-1.14.5.jar;C:\Users\ezrab\.m2\repository\org\hdrhistogram\HdrHistogram\2.2.2\HdrHistogram-2.2.2.jar;C:\Users\ezrab\.m2\repository\org\latencyutils\LatencyUtils\2.0.3\LatencyUtils-2.0.3.jar;C:\Users\ezrab\.m2\repository\io\micrometer\context-propagation\1.1.2\context-propagation-1.1.2.jar;C:\Users\ezrab\.m2\repository\io\micrometer\micrometer-observation\1.14.5\micrometer-observation-1.14.5.jar;C:\Users\ezrab\.m2\repository\io\micrometer\micrometer-commons\1.14.5\micrometer-commons-1.14.5.jar;C:\Users\ezrab\.m2\repository\org\antlr\ST4\4.3.4\ST4-4.3.4.jar;C:\Users\ezrab\.m2\repository\org\antlr\antlr-runtime\3.5.3\antlr-runtime-3.5.3.jar;C:\Users\ezrab\.m2\repository\org\antlr\antlr4-runtime\4.13.1\antlr4-runtime-4.13.1.jar;C:\Users\ezrab\.m2\repository\org\springframework\ai\spring-ai-autoconfigure-retry\1.0.0-M7\spring-ai-autoconfigure-retry-1.0.0-M7.jar;C:\Users\ezrab\.m2\repository\org\springframework\ai\spring-ai-autoconfigure-model-chat-observation\1.0.0-M7\spring-ai-autoconfigure-model-chat-observation-1.0.0-M7.jar;C:\Users\ezrab\.m2\repository\org\springframework\ai\spring-ai-autoconfigure-model-embedding-observation\1.0.0-M7\spring-ai-autoconfigure-model-embedding-observation-1.0.0-M7.jar;C:\Users\ezrab\.m2\repository\org\springframework\ai\spring-ai-autoconfigure-model-image-observation\1.0.0-M7\spring-ai-autoconfigure-model-image-observation-1.0.0-M7.jar;C:\Users\ezrab\.m2\repository\org\springframework\ai\spring-ai-openai\1.0.0-M7\spring-ai-openai-1.0.0-M7.jar;C:\Users\ezrab\.m2\repository\org\springframework\ai\spring-ai-client-chat\1.0.0-M7\spring-ai-client-chat-1.0.0-M7.jar;C:\Users\ezrab\.m2\repository\com\fasterxml\jackson\module\jackson-module-jsonSchema\2.18.3\jackson-module-jsonSchema-2.18.3.jar;C:\Users\ezrab\.m2\repository\javax\validation\validation-api\1.1.0.Final\validation-api-1.1.0.Final.jar;C:\Users\ezrab\.m2\repository\io\swagger\core\v3\swagger-annotations\2.2.25\swagger-annotations-2.2.25.jar;C:\Users\ezrab\.m2\repository\com\github\victools\jsonschema-module-swagger-2\4.37.0\jsonschema-module-swagger-2-4.37.0.jar;C:\Users\ezrab\.m2\repository\io\projectreactor\reactor-core\3.7.4\reactor-core-3.7.4.jar;C:\Users\ezrab\.m2\repository\org\reactivestreams\reactive-streams\1.0.4\reactive-streams-1.0.4.jar;C:\Users\ezrab\.m2\repository\org\springframework\spring-messaging\6.2.5\spring-messaging-6.2.5.jar;C:\Users\ezrab\.m2\repository\com\knuddels\jtokkit\1.1.0\jtokkit-1.1.0.jar;C:\Users\ezrab\.m2\repository\org\springframework\ai\spring-ai-retry\1.0.0-M7\spring-ai-retry-1.0.0-M7.jar;C:\Users\ezrab\.m2\repository\org\springframework\retry\spring-retry\2.0.11\spring-retry-2.0.11.jar;C:\Users\ezrab\.m2\repository\org\springframework\spring-webflux\6.2.5\spring-webflux-6.2.5.jar;C:\Users\ezrab\.m2\repository\io\rest-assured\json-path\5.5.1\json-path-5.5.1.jar;C:\Users\ezrab\.m2\repository\org\apache\groovy\groovy-json\4.0.22\groovy-json-4.0.22.jar;C:\Users\ezrab\.m2\repository\org\apache\groovy\groovy\4.0.22\groovy-4.0.22.jar;C:\Users\ezrab\.m2\repository\io\rest-assured\rest-assured-common\5.5.1\rest-assured-common-5.5.1.jar;C:\Users\ezrab\.m2\repository\org\apache\commons\commons-lang3\3.16.0\commons-lang3-3.16.0.jar;C:\Users\ezrab\.m2\repository\com\github\victools\jsonschema-generator\4.37.0\jsonschema-generator-4.37.0.jar;C:\Users\ezrab\.m2\repository\com\fasterxml\classmate\1.7.0\classmate-1.7.0.jar;C:\Users\ezrab\.m2\repository\com\github\victools\jsonschema-module-jackson\4.37.0\jsonschema-module-jackson-4.37.0.jar;C:\Users\ezrab\.m2\repository\org\springframework\spring-context-support\6.2.5\spring-context-support-6.2.5.jar;C:\Users\ezrab\.m2\repository\org\springframework\ai\spring-ai-autoconfigure-model-chat-client\1.0.0-M7\spring-ai-autoconfigure-model-chat-client-1.0.0-M7.jar;C:\Users\ezrab\.m2\repository\org\springframework\security\spring-security-core\5.7.5\spring-security-core-5.7.5.jar;C:\Users\ezrab\.m2\repository\org\springframework\security\spring-security-crypto\5.7.5\spring-security-crypto-5.7.5.jar;C:\Users\ezrab\.m2\repository\org\springframework\spring-aop\5.3.23\spring-aop-5.3.23.jar;C:\Users\ezrab\.m2\repository\org\springframework\spring-beans\5.3.23\spring-beans-5.3.23.jar;C:\Users\ezrab\.m2\repository\org\springframework\spring-context\5.3.23\spring-context-5.3.23.jar;C:\Users\ezrab\.m2\repository\org\springframework\spring-expression\5.3.23\spring-expression-5.3.23.jar;"/>
    <property name="java.vm.vendor" value="Oracle Corporation"/>
    <property name="sun.arch.data.model" value="64"/>
    <property name="user.variant" value=""/>
    <property name="java.vendor.url" value="https://java.oracle.com/"/>
    <property name="user.timezone" value="America/Los_Angeles"/>
    <property name="os.name" value="Windows 11"/>
    <property name="java.vm.specification.version" value="24"/>
    <property name="sun.java.launcher" value="SUN_STANDARD"/>
    <property name="user.country" value="US"/>
    <property name="sun.boot.library.path" value="C:\Program Files\Java\jdk-24\bin"/>
    <property name="sun.java.command" value="C:\Users\ezrab\AppData\Local\Temp\surefire4854823463858456426\surefirebooter-20250426224120596_3.jar C:\Users\ezrab\AppData\Local\Temp\surefire4854823463858456426 2025-04-26T22-41-20_502-jvmRun1 surefire-20250426224120596_1tmp surefire_0-20250426224120596_2tmp"/>
    <property name="jdk.debug" value="release"/>
    <property name="surefire.test.class.path" value="C:\Users\ezrab\OneDrive\Desktop\GitHub\lahacks25\backend\target\test-classes;C:\Users\ezrab\OneDrive\Desktop\GitHub\lahacks25\backend\target\classes;C:\Users\ezrab\.m2\repository\org\springframework\boot\spring-boot-starter-web\2.5.4\spring-boot-starter-web-2.5.4.jar;C:\Users\ezrab\.m2\repository\org\springframework\boot\spring-boot-starter-json\2.5.4\spring-boot-starter-json-2.5.4.jar;C:\Users\ezrab\.m2\repository\com\fasterxml\jackson\core\jackson-databind\2.12.4\jackson-databind-2.12.4.jar;C:\Users\ezrab\.m2\repository\com\fasterxml\jackson\core\jackson-annotations\2.12.4\jackson-annotations-2.12.4.jar;C:\Users\ezrab\.m2\repository\com\fasterxml\jackson\core\jackson-core\2.12.4\jackson-core-2.12.4.jar;C:\Users\ezrab\.m2\repository\com\fasterxml\jackson\datatype\jackson-datatype-jdk8\2.12.4\jackson-datatype-jdk8-2.12.4.jar;C:\Users\ezrab\.m2\repository\com\fasterxml\jackson\datatype\jackson-datatype-jsr310\2.12.4\jackson-datatype-jsr310-2.12.4.jar;C:\Users\ezrab\.m2\repository\com\fasterxml\jackson\module\jackson-module-parameter-names\2.12.4\jackson-module-parameter-names-2.12.4.jar;C:\Users\ezrab\.m2\repository\org\springframework\boot\spring-boot-starter-tomcat\2.5.4\spring-boot-starter-tomcat-2.5.4.jar;C:\Users\ezrab\.m2\repository\org\apache\tomcat\embed\tomcat-embed-core\9.0.52\tomcat-embed-core-9.0.52.jar;C:\Users\ezrab\.m2\repository\org\apache\tomcat\embed\tomcat-embed-el\9.0.52\tomcat-embed-el-9.0.52.jar;C:\Users\ezrab\.m2\repository\org\apache\tomcat\embed\tomcat-embed-websocket\9.0.52\tomcat-embed-websocket-9.0.52.jar;C:\Users\ezrab\.m2\repository\org\springframework\spring-web\5.3.9\spring-web-5.3.9.jar;C:\Users\ezrab\.m2\repository\org\springframework\spring-webmvc\5.3.9\spring-webmvc-5.3.9.jar;C:\Users\ezrab\.m2\repository\org\springframework\boot\spring-boot-starter-data-mongodb\2.5.4\spring-boot-starter-data-mongodb-2.5.4.jar;C:\Users\ezrab\.m2\repository\org\mongodb\mongodb-driver-sync\4.2.3\mongodb-driver-sync-4.2.3.jar;C:\Users\ezrab\.m2\repository\org\mongodb\bson\4.2.3\bson-4.2.3.jar;C:\Users\ezrab\.m2\repository\org\mongodb\mongodb-driver-core\4.2.3\mongodb-driver-core-4.2.3.jar;C:\Users\ezrab\.m2\repository\org\springframework\data\spring-data-mongodb\3.2.4\spring-data-mongodb-3.2.4.jar;C:\Users\ezrab\.m2\repository\org\springframework\spring-tx\5.3.9\spring-tx-5.3.9.jar;C:\Users\ezrab\.m2\repository\org\springframework\data\spring-data-commons\2.5.4\spring-data-commons-2.5.4.jar;C:\Users\ezrab\.m2\repository\org\slf4j\slf4j-api\1.7.26\slf4j-api-1.7.26.jar;C:\Users\ezrab\.m2\repository\org\springframework\boot\spring-boot-starter-test\2.5.4\spring-boot-starter-test-2.5.4.jar;C:\Users\ezrab\.m2\repository\org\springframework\boot\spring-boot-test\2.5.4\spring-boot-test-2.5.4.jar;C:\Users\ezrab\.m2\repository\org\springframework\boot\spring-boot-test-autoconfigure\2.5.4\spring-boot-test-autoconfigure-2.5.4.jar;C:\Users\ezrab\.m2\repository\com\jayway\jsonpath\json-path\2.5.0\json-path-2.5.0.jar;C:\Users\ezrab\.m2\repository\net\minidev\json-smart\2.3\json-smart-2.3.jar;C:\Users\ezrab\.m2\repository\net\minidev\accessors-smart\1.2\accessors-smart-1.2.jar;C:\Users\ezrab\.m2\repository\org\ow2\asm\asm\5.0.4\asm-5.0.4.jar;C:\Users\ezrab\.m2\repository\jakarta\xml\bind\jakarta.xml.bind-api\2.3.3\jakarta.xml.bind-api-2.3.3.jar;C:\Users\ezrab\.m2\repository\jakarta\activation\jakarta.activation-api\1.2.2\jakarta.activation-api-1.2.2.jar;C:\Users\ezrab\.m2\repository\org\assertj\assertj-core\3.19.0\assertj-core-3.19.0.jar;C:\Users\ezrab\.m2\repository\org\hamcrest\hamcrest\2.2\hamcrest-2.2.jar;C:\Users\ezrab\.m2\repository\org\junit\jupiter\junit-jupiter\5.7.2\junit-jupiter-5.7.2.jar;C:\Users\ezrab\.m2\repository\org\junit\jupiter\junit-jupiter-api\5.7.2\junit-jupiter-api-5.7.2.jar;C:\Users\ezrab\.m2\repository\org\apiguardian\apiguardian-api\1.1.0\apiguardian-api-1.1.0.jar;C:\Users\ezrab\.m2\repository\org\opentest4j\opentest4j\1.2.0\opentest4j-1.2.0.jar;C:\Users\ezrab\.m2\repository\org\junit\platform\junit-platform-commons\1.7.2\junit-platform-commons-1.7.2.jar;C:\Users\ezrab\.m2\repository\org\junit\jupiter\junit-jupiter-params\5.7.2\junit-jupiter-params-5.7.2.jar;C:\Users\ezrab\.m2\repository\org\junit\jupiter\junit-jupiter-engine\5.7.2\junit-jupiter-engine-5.7.2.jar;C:\Users\ezrab\.m2\repository\org\junit\platform\junit-platform-engine\1.7.2\junit-platform-engine-1.7.2.jar;C:\Users\ezrab\.m2\repository\org\mockito\mockito-core\3.9.0\mockito-core-3.9.0.jar;C:\Users\ezrab\.m2\repository\net\bytebuddy\byte-buddy\1.10.20\byte-buddy-1.10.20.jar;C:\Users\ezrab\.m2\repository\net\bytebuddy\byte-buddy-agent\1.10.20\byte-buddy-agent-1.10.20.jar;C:\Users\ezrab\.m2\repository\org\objenesis\objenesis\3.2\objenesis-3.2.jar;C:\Users\ezrab\.m2\repository\org\mockito\mockito-junit-jupiter\3.9.0\mockito-junit-jupiter-3.9.0.jar;C:\Users\ezrab\.m2\repository\org\skyscreamer\jsonassert\1.5.0\jsonassert-1.5.0.jar;C:\Users\ezrab\.m2\repository\com\vaadin\external\google\android-json\0.0.20131108.vaadin1\android-json-0.0.20131108.vaadin1.jar;C:\Users\ezrab\.m2\repository\org\springframework\spring-core\5.3.9\spring-core-5.3.9.jar;C:\Users\ezrab\.m2\repository\org\springframework\spring-jcl\5.3.9\spring-jcl-5.3.9.jar;C:\Users\ezrab\.m2\repository\org\springframework\spring-test\5.3.9\spring-test-5.3.9.jar;C:\Users\ezrab\.m2\repository\org\xmlunit\xmlunit-core\2.8.2\xmlunit-core-2.8.2.jar;C:\Users\ezrab\.m2\repository\org\springframework\boot\spring-boot-starter\2.5.4\spring-boot-starter-2.5.4.jar;C:\Users\ezrab\.m2\repository\org\springframework\boot\spring-boot\2.5.4\spring-boot-2.5.4.jar;C:\Users\ezrab\.m2\repository\org\springframework\boot\spring-boot-autoconfigure\2.5.4\spring-boot-autoconfigure-2.5.4.jar;C:\Users\ezrab\.m2\repository\org\springframework\boot\spring-boot-starter-logging\2.5.4\spring-boot-starter-logging-2.5.4.jar;C:\Users\ezrab\.m2\repository\ch\qos\logback\logback-classic\1.2.5\logback-classic-1.2.5.jar;C:\Users\ezrab\.m2\repository\ch\qos\logback\logback-core\1.2.5\logback-core-1.2.5.jar;C:\Users\ezrab\.m2\repository\org\apache\logging\log4j\log4j-to-slf4j\2.14.1\log4j-to-slf4j-2.14.1.jar;C:\Users\ezrab\.m2\repository\org\apache\logging\log4j\log4j-api\2.14.1\log4j-api-2.14.1.jar;C:\Users\ezrab\.m2\repository\org\slf4j\jul-to-slf4j\1.7.32\jul-to-slf4j-1.7.32.jar;C:\Users\ezrab\.m2\repository\jakarta\annotation\jakarta.annotation-api\1.3.5\jakarta.annotation-api-1.3.5.jar;C:\Users\ezrab\.m2\repository\org\yaml\snakeyaml\1.28\snakeyaml-1.28.jar;C:\Users\ezrab\.m2\repository\org\springframework\ai\spring-ai-starter-model-openai\1.0.0-M7\spring-ai-starter-model-openai-1.0.0-M7.jar;C:\Users\ezrab\.m2\repository\org\springframework\ai\spring-ai-autoconfigure-model-openai\1.0.0-M7\spring-ai-autoconfigure-model-openai-1.0.0-M7.jar;C:\Users\ezrab\.m2\repository\org\springframework\ai\spring-ai-autoconfigure-model-tool\1.0.0-M7\spring-ai-autoconfigure-model-tool-1.0.0-M7.jar;C:\Users\ezrab\.m2\repository\org\springframework\ai\spring-ai-model\1.0.0-M7\spring-ai-model-1.0.0-M7.jar;C:\Users\ezrab\.m2\repository\org\springframework\ai\spring-ai-commons\1.0.0-M7\spring-ai-commons-1.0.0-M7.jar;C:\Users\ezrab\.m2\repository\io\micrometer\micrometer-core\1.14.5\micrometer-core-1.14.5.jar;C:\Users\ezrab\.m2\repository\org\hdrhistogram\HdrHistogram\2.2.2\HdrHistogram-2.2.2.jar;C:\Users\ezrab\.m2\repository\org\latencyutils\LatencyUtils\2.0.3\LatencyUtils-2.0.3.jar;C:\Users\ezrab\.m2\repository\io\micrometer\context-propagation\1.1.2\context-propagation-1.1.2.jar;C:\Users\ezrab\.m2\repository\io\micrometer\micrometer-observation\1.14.5\micrometer-observation-1.14.5.jar;C:\Users\ezrab\.m2\repository\io\micrometer\micrometer-commons\1.14.5\micrometer-commons-1.14.5.jar;C:\Users\ezrab\.m2\repository\org\antlr\ST4\4.3.4\ST4-4.3.4.jar;C:\Users\ezrab\.m2\repository\org\antlr\antlr-runtime\3.5.3\antlr-runtime-3.5.3.jar;C:\Users\ezrab\.m2\repository\org\antlr\antlr4-runtime\4.13.1\antlr4-runtime-4.13.1.jar;C:\Users\ezrab\.m2\repository\org\springframework\ai\spring-ai-autoconfigure-retry\1.0.0-M7\spring-ai-autoconfigure-retry-1.0.0-M7.jar;C:\Users\ezrab\.m2\repository\org\springframework\ai\spring-ai-autoconfigure-model-chat-observation\1.0.0-M7\spring-ai-autoconfigure-model-chat-observation-1.0.0-M7.jar;C:\Users\ezrab\.m2\repository\org\springframework\ai\spring-ai-autoconfigure-model-embedding-observation\1.0.0-M7\spring-ai-autoconfigure-model-embedding-observation-1.0.0-M7.jar;C:\Users\ezrab\.m2\repository\org\springframework\ai\spring-ai-autoconfigure-model-image-observation\1.0.0-M7\spring-ai-autoconfigure-model-image-observation-1.0.0-M7.jar;C:\Users\ezrab\.m2\repository\org\springframework\ai\spring-ai-openai\1.0.0-M7\spring-ai-openai-1.0.0-M7.jar;C:\Users\ezrab\.m2\repository\org\springframework\ai\spring-ai-client-chat\1.0.0-M7\spring-ai-client-chat-1.0.0-M7.jar;C:\Users\ezrab\.m2\repository\com\fasterxml\jackson\module\jackson-module-jsonSchema\2.18.3\jackson-module-jsonSchema-2.18.3.jar;C:\Users\ezrab\.m2\repository\javax\validation\validation-api\1.1.0.Final\validation-api-1.1.0.Final.jar;C:\Users\ezrab\.m2\repository\io\swagger\core\v3\swagger-annotations\2.2.25\swagger-annotations-2.2.25.jar;C:\Users\ezrab\.m2\repository\com\github\victools\jsonschema-module-swagger-2\4.37.0\jsonschema-module-swagger-2-4.37.0.jar;C:\Users\ezrab\.m2\repository\io\projectreactor\reactor-core\3.7.4\reactor-core-3.7.4.jar;C:\Users\ezrab\.m2\repository\org\reactivestreams\reactive-streams\1.0.4\reactive-streams-1.0.4.jar;C:\Users\ezrab\.m2\repository\org\springframework\spring-messaging\6.2.5\spring-messaging-6.2.5.jar;C:\Users\ezrab\.m2\repository\com\knuddels\jtokkit\1.1.0\jtokkit-1.1.0.jar;C:\Users\ezrab\.m2\repository\org\springframework\ai\spring-ai-retry\1.0.0-M7\spring-ai-retry-1.0.0-M7.jar;C:\Users\ezrab\.m2\repository\org\springframework\retry\spring-retry\2.0.11\spring-retry-2.0.11.jar;C:\Users\ezrab\.m2\repository\org\springframework\spring-webflux\6.2.5\spring-webflux-6.2.5.jar;C:\Users\ezrab\.m2\repository\io\rest-assured\json-path\5.5.1\json-path-5.5.1.jar;C:\Users\ezrab\.m2\repository\org\apache\groovy\groovy-json\4.0.22\groovy-json-4.0.22.jar;C:\Users\ezrab\.m2\repository\org\apache\groovy\groovy\4.0.22\groovy-4.0.22.jar;C:\Users\ezrab\.m2\repository\io\rest-assured\rest-assured-common\5.5.1\rest-assured-common-5.5.1.jar;C:\Users\ezrab\.m2\repository\org\apache\commons\commons-lang3\3.16.0\commons-lang3-3.16.0.jar;C:\Users\ezrab\.m2\repository\com\github\victools\jsonschema-generator\4.37.0\jsonschema-generator-4.37.0.jar;C:\Users\ezrab\.m2\repository\com\fasterxml\classmate\1.7.0\classmate-1.7.0.jar;C:\Users\ezrab\.m2\repository\com\github\victools\jsonschema-module-jackson\4.37.0\jsonschema-module-jackson-4.37.0.jar;C:\Users\ezrab\.m2\repository\org\springframework\spring-context-support\6.2.5\spring-context-support-6.2.5.jar;C:\Users\ezrab\.m2\repository\org\springframework\ai\spring-ai-autoconfigure-model-chat-client\1.0.0-M7\spring-ai-autoconfigure-model-chat-client-1.0.0-M7.jar;C:\Users\ezrab\.m2\repository\org\springframework\security\spring-security-core\5.7.5\spring-security-core-5.7.5.jar;C:\Users\ezrab\.m2\repository\org\springframework\security\spring-security-crypto\5.7.5\spring-security-crypto-5.7.5.jar;C:\Users\ezrab\.m2\repository\org\springframework\spring-aop\5.3.23\spring-aop-5.3.23.jar;C:\Users\ezrab\.m2\repository\org\springframework\spring-beans\5.3.23\spring-beans-5.3.23.jar;C:\Users\ezrab\.m2\repository\org\springframework\spring-context\5.3.23\spring-context-5.3.23.jar;C:\Users\ezrab\.m2\repository\org\springframework\spring-expression\5.3.23\spring-expression-5.3.23.jar;"/>
    <property name="sun.cpu.endian" value="little"/>
    <property name="user.home" value="C:\Users\ezrab"/>
    <property name="user.language" value="en"/>
    <property name="java.specification.vendor" value="Oracle Corporation"/>
    <property name="java.version.date" value="2025-04-15"/>
    <property name="java.home" value="C:\Program Files\Java\jdk-24"/>
    <property name="file.separator" value="\"/>
    <property name="basedir" value="C:\Users\ezrab\OneDrive\Desktop\GitHub\lahacks25\backend"/>
    <property name="java.vm.compressedOopsMode" value="Zero based"/>
    <property name="line.separator" value="&#10;"/>
    <property name="java.vm.specification.vendor" value="Oracle Corporation"/>
    <property name="java.specification.name" value="Java Platform API Specification"/>
    <property name="FILE_LOG_CHARSET" value="UTF-8"/>
    <property name="java.awt.headless" value="true"/>
    <property name="surefire.real.class.path" value="C:\Users\ezrab\AppData\Local\Temp\surefire4854823463858456426\surefirebooter-20250426224120596_3.jar"/>
    <property name="user.script" value=""/>
    <property name="sun.management.compiler" value="HotSpot 64-Bit Tiered Compilers"/>
    <property name="java.runtime.version" value="24.0.1+9-30"/>
    <property name="user.name" value="ezrab"/>
    <property name="stdout.encoding" value="Cp1252"/>
    <property name="path.separator" value=";"/>
    <property name="os.version" value="10.0"/>
    <property name="java.runtime.name" value="Java(TM) SE Runtime Environment"/>
    <property name="file.encoding" value="UTF-8"/>
    <property name="spring.beaninfo.ignore" value="true"/>
    <property name="java.vm.name" value="Java HotSpot(TM) 64-Bit Server VM"/>
    <property name="localRepository" value="C:\Users\ezrab\.m2\repository"/>
    <property name="java.vendor.url.bug" value="https://bugreport.java.com/bugreport/"/>
    <property name="java.io.tmpdir" value="C:\Users\ezrab\AppData\Local\Temp\"/>
    <property name="java.version" value="24.0.1"/>
    <property name="user.dir" value="C:\Users\ezrab\OneDrive\Desktop\GitHub\lahacks25\backend"/>
    <property name="os.arch" value="amd64"/>
    <property name="java.vm.specification.name" value="Java Virtual Machine Specification"/>
    <property name="PID" value="22604"/>
    <property name="sun.os.patch.level" value=""/>
    <property name="CONSOLE_LOG_CHARSET" value="UTF-8"/>
    <property name="native.encoding" value="Cp1252"/>
    <property name="java.library.path" value="C:\Program Files\Java\jdk-24\bin;C:\WINDOWS\Sun\Java\bin;C:\WINDOWS\system32;C:\WINDOWS;C:\Program Files\Common Files\Oracle\Java\javapath;C:\Program Files (x86)\Common Files\Oracle\Java\java8path;C:\Program Files (x86)\Common Files\Oracle\Java\javapath;C:\Program Files\NVIDIA GPU Computing Toolkit\CUDA\v12.6\bin;C:\Program Files\NVIDIA GPU Computing Toolkit\CUDA\v12.6\libnvvp;C:\Program Files (x86)\Razer Chroma SDK\bin;C:\Program Files\Razer Chroma SDK\bin;C:\Program Files (x86)\Razer\ChromaBroadcast\bin;C:\Program Files\Razer\ChromaBroadcast\bin;C:\Windows\system32;C:\Windows;C:\Windows\System32\Wbem;C:\Windows\System32\WindowsPowerShell\v1.0\;C:\Windows\System32\OpenSSH\;C:\Program Files (x86)\NVIDIA Corporation\PhysX\Common;C:\Program Files\Git\cmd;C:\Program Files\nodejs\;C:\Windows\system32\config\systemprofile\AppData\Local\Microsoft\WindowsApps;C:\Program Files\Microsoft SQL Server\150\Tools\Binn\;C:\Program Files\Microsoft SQL Server\Client SDK\ODBC\170\Tools\Binn\;C:\Program Files\dotnet\;C:\Program Files (x86)\Windows Kits\10\Windows Performance Toolkit\;C:\Program Files\CMake\bin;C:\Program Files\Wolfram Research\WolframScript\;C:\Program Files\NVIDIA Corporation\NVIDIA app\NvDLISR;C:\WINDOWS\system32;C:\WINDOWS;C:\WINDOWS\System32\Wbem;C:\WINDOWS\System32\WindowsPowerShell\v1.0\;C:\WINDOWS\System32\OpenSSH\;C:\Program Files\Go\bin;C:\ProgramData\chocolatey\bin;C:\Program Files\NVIDIA Corporation\Nsight Compute 2024.3.2\;C:\Program Files\Docker\Docker\resources\bin;C:\Users\ezrab\Downloads\spring-boot-cli-3.4.4-bin\spring-3.4.4\bin;C:\Users\ezrab\Downloads\apache-maven-3.9.9-bin\apache-maven-3.9.9\bin;C:\Program Files\MySQL\MySQL Shell 8.0\bin\;C:\Users\ezrab\.cargo\bin;C:\Users\ezrab\AppData\Local\Programs\Python\Launcher\;C:\Users\ezrab\AppData\Local\Microsoft\WindowsApps;C:\Users\ezrab\AppData\Local\Programs\Microsoft VS Code\bin;C:\Users\ezrab\AppData\Local\GitHubDesktop\bin;C:\Users\ezrab\AppData\Roaming\npm;C:\Program Files\JetBrains\IntelliJ IDEA Community Edition 2024.1.1\bin;;C:\MinGW\bin;C:\Users\ezrab\.dotnet\tools;C:\Users\ezrab\go\bin;C:\intelFPGA\18.1\modelsim_ase\win32aloem;C:\Users\ezrab\Downloads\spring-boot-cli-3.4.4-bin\spring-3.4.4;;c:\Users\ezrab\AppData\Roaming\Code\User\globalStorage\github.copilot-chat\debugCommand;."/>
    <property name="java.vm.info" value="mixed mode, sharing"/>
    <property name="stderr.encoding" value="Cp1252"/>
    <property name="java.vendor" value="Oracle Corporation"/>
    <property name="java.vm.version" value="24.0.1+9-30"/>
    <property name="sun.io.unicode.encoding" value="UnicodeLittle"/>
    <property name="java.class.version" value="68.0"/>
  </properties>
  <testcase name="contextLoads" classname="com.example.internshipplatform.InternshipPlatformApplicationTests" time="0.25">
    <system-out><![CDATA[22:41:21.099 [main] DEBUG org.springframework.test.context.BootstrapUtils - Instantiating CacheAwareContextLoaderDelegate from class [org.springframework.test.context.cache.DefaultCacheAwareContextLoaderDelegate]
22:41:21.107 [main] DEBUG org.springframework.test.context.BootstrapUtils - Instantiating BootstrapContext using constructor [public org.springframework.test.context.support.DefaultBootstrapContext(java.lang.Class,org.springframework.test.context.CacheAwareContextLoaderDelegate)]
22:41:21.127 [main] DEBUG org.springframework.test.context.BootstrapUtils - Instantiating TestContextBootstrapper for test class [com.example.internshipplatform.InternshipPlatformApplicationTests] from class [org.springframework.boot.test.context.SpringBootTestContextBootstrapper]
22:41:21.137 [main] INFO org.springframework.boot.test.context.SpringBootTestContextBootstrapper - Neither @ContextConfiguration nor @ContextHierarchy found for test class [com.example.internshipplatform.InternshipPlatformApplicationTests], using SpringBootContextLoader
22:41:21.139 [main] DEBUG org.springframework.test.context.support.AbstractContextLoader - Did not detect default resource location for test class [com.example.internshipplatform.InternshipPlatformApplicationTests]: class path resource [com/example/internshipplatform/InternshipPlatformApplicationTests-context.xml] does not exist
22:41:21.139 [main] DEBUG org.springframework.test.context.support.AbstractContextLoader - Did not detect default resource location for test class [com.example.internshipplatform.InternshipPlatformApplicationTests]: class path resource [com/example/internshipplatform/InternshipPlatformApplicationTestsContext.groovy] does not exist
22:41:21.139 [main] INFO org.springframework.test.context.support.AbstractContextLoader - Could not detect default resource locations for test class [com.example.internshipplatform.InternshipPlatformApplicationTests]: no resource found for suffixes {-context.xml, Context.groovy}.
22:41:21.140 [main] INFO org.springframework.test.context.support.AnnotationConfigContextLoaderUtils - Could not detect default configuration classes for test class [com.example.internshipplatform.InternshipPlatformApplicationTests]: InternshipPlatformApplicationTests does not declare any static, non-private, non-final, nested classes annotated with @Configuration.
22:41:21.169 [main] DEBUG org.springframework.test.context.support.ActiveProfilesUtils - Could not find an 'annotation declaring class' for annotation type [org.springframework.test.context.ActiveProfiles] and class [com.example.internshipplatform.InternshipPlatformApplicationTests]
22:41:21.213 [main] DEBUG org.springframework.context.annotation.ClassPathScanningCandidateComponentProvider - Identified candidate component class: file [C:\Users\ezrab\OneDrive\Desktop\GitHub\lahacks25\backend\target\classes\com\example\internshipplatform\InternshipPlatformApplication.class]
22:41:21.214 [main] INFO org.springframework.boot.test.context.SpringBootTestContextBootstrapper - Found @SpringBootConfiguration com.example.internshipplatform.InternshipPlatformApplication for test class com.example.internshipplatform.InternshipPlatformApplicationTests
22:41:21.286 [main] DEBUG org.springframework.boot.test.context.SpringBootTestContextBootstrapper - @TestExecutionListeners is not present for class [com.example.internshipplatform.InternshipPlatformApplicationTests]: using defaults.
22:41:21.286 [main] INFO org.springframework.boot.test.context.SpringBootTestContextBootstrapper - Loaded default TestExecutionListener class names from location [META-INF/spring.factories]: [org.springframework.boot.test.mock.mockito.MockitoTestExecutionListener, org.springframework.boot.test.mock.mockito.ResetMocksTestExecutionListener, org.springframework.boot.test.autoconfigure.restdocs.RestDocsTestExecutionListener, org.springframework.boot.test.autoconfigure.web.client.MockRestServiceServerResetTestExecutionListener, org.springframework.boot.test.autoconfigure.web.servlet.MockMvcPrintOnlyOnFailureTestExecutionListener, org.springframework.boot.test.autoconfigure.web.servlet.WebDriverTestExecutionListener, org.springframework.boot.test.autoconfigure.webservices.client.MockWebServiceServerTestExecutionListener, org.springframework.test.context.web.ServletTestExecutionListener, org.springframework.test.context.support.DirtiesContextBeforeModesTestExecutionListener, org.springframework.test.context.event.ApplicationEventsTestExecutionListener, org.springframework.test.context.support.DependencyInjectionTestExecutionListener, org.springframework.test.context.support.DirtiesContextTestExecutionListener, org.springframework.test.context.transaction.TransactionalTestExecutionListener, org.springframework.test.context.jdbc.SqlScriptsTestExecutionListener, org.springframework.test.context.event.EventPublishingTestExecutionListener]
22:41:21.297 [main] INFO org.springframework.boot.test.context.SpringBootTestContextBootstrapper - Using TestExecutionListeners: [org.springframework.test.context.web.ServletTestExecutionListener@3af0a9da, org.springframework.test.context.support.DirtiesContextBeforeModesTestExecutionListener@43b9fd5, org.springframework.test.context.event.ApplicationEventsTestExecutionListener@79dc5318, org.springframework.boot.test.mock.mockito.MockitoTestExecutionListener@8e50104, org.springframework.boot.test.autoconfigure.SpringBootDependencyInjectionTestExecutionListener@37e4d7bb, org.springframework.test.context.support.DirtiesContextTestExecutionListener@6f7923a5, org.springframework.test.context.transaction.TransactionalTestExecutionListener@74a6f9c1, org.springframework.test.context.jdbc.SqlScriptsTestExecutionListener@54eb2b70, org.springframework.test.context.event.EventPublishingTestExecutionListener@45a37759, org.springframework.boot.test.mock.mockito.ResetMocksTestExecutionListener@63611043, org.springframework.boot.test.autoconfigure.restdocs.RestDocsTestExecutionListener@20ca951f, org.springframework.boot.test.autoconfigure.web.client.MockRestServiceServerResetTestExecutionListener@2d778add, org.springframework.boot.test.autoconfigure.web.servlet.MockMvcPrintOnlyOnFailureTestExecutionListener@73302995, org.springframework.boot.test.autoconfigure.web.servlet.WebDriverTestExecutionListener@1838ccb8, org.springframework.boot.test.autoconfigure.webservices.client.MockWebServiceServerTestExecutionListener@6c2ed0cd]
22:41:21.301 [main] DEBUG org.springframework.test.context.support.AbstractDirtiesContextTestExecutionListener - Before test class: context [DefaultTestContext@71e9ebae testClass = InternshipPlatformApplicationTests, testInstance = [null], testMethod = [null], testException = [null], mergedContextConfiguration = [WebMergedContextConfiguration@73d983ea testClass = InternshipPlatformApplicationTests, locations = '{}', classes = '{class com.example.internshipplatform.InternshipPlatformApplication}', contextInitializerClasses = '[]', activeProfiles = '{}', propertySourceLocations = '{}', propertySourceProperties = '{org.springframework.boot.test.context.SpringBootTestContextBootstrapper=true}', contextCustomizers = set[org.springframework.boot.test.context.filter.ExcludeFilterContextCustomizer@10959ece, org.springframework.boot.test.json.DuplicateJsonObjectContextCustomizerFactory$DuplicateJsonObjectContextCustomizer@65f095f8, org.springframework.boot.test.mock.mockito.MockitoContextCustomizer@0, org.springframework.boot.test.web.client.TestRestTemplateContextCustomizer@be35cd9, org.springframework.boot.test.autoconfigure.actuate.metrics.MetricsExportContextCustomizerFactory$DisableMetricExportContextCustomizer@66498326, org.springframework.boot.test.autoconfigure.properties.PropertyMappingContextCustomizer@0, org.springframework.boot.test.autoconfigure.web.servlet.WebDriverContextCustomizerFactory$Customizer@6bedbc4d, org.springframework.boot.test.context.SpringBootTestArgs@1, org.springframework.boot.test.context.SpringBootTestWebEnvironment@7a3d45bd], resourceBasePath = 'src/main/webapp', contextLoader = 'org.springframework.boot.test.context.SpringBootContextLoader', parent = [null]], attributes = map['org.springframework.test.context.web.ServletTestExecutionListener.activateListener' -> true]], class annotated with @DirtiesContext [false] with mode [null].
22:41:21.327 [main] DEBUG org.springframework.test.context.support.TestPropertySourceUtils - Adding inlined properties to environment: {spring.jmx.enabled=false, org.springframework.boot.test.context.SpringBootTestContextBootstrapper=true}

  .   ____          _            __ _ _
 /\\ / ___'_ __ _ _(_)_ __  __ _ \ \ \ \
( ( )\___ | '_ | '_| | '_ \/ _` | \ \ \ \
 \\/  ___)| |_)| | | | | || (_| |  ) ) ) )
  '  |____| .__|_| |_|_| |_\__, | / / / /
 =========|_|==============|___/=/_/_/_/
 :: Spring Boot ::                (v2.5.4)

2025-04-26 22:41:21.535  INFO 22604 --- [           main] c.e.i.InternshipPlatformApplicationTests : Starting InternshipPlatformApplicationTests using Java 24.0.1 on ClemComp with PID 22604 (started by ezrab in C:\Users\ezrab\OneDrive\Desktop\GitHub\lahacks25\backend)
2025-04-26 22:41:21.536  INFO 22604 --- [           main] c.e.i.InternshipPlatformApplicationTests : No active profile set, falling back to default profiles: default
2025-04-26 22:41:22.156  INFO 22604 --- [           main] .s.d.r.c.RepositoryConfigurationDelegate : Bootstrapping Spring Data MongoDB repositories in DEFAULT mode.
2025-04-26 22:41:22.256  INFO 22604 --- [           main] .s.d.r.c.RepositoryConfigurationDelegate : Finished Spring Data repository scanning in 97 ms. Found 3 MongoDB repository interfaces.
2025-04-26 22:41:22.611  INFO 22604 --- [           main] org.mongodb.driver.cluster               : Cluster created with settings {hosts=[127.0.0.1:27017], srvHost=cluster0.dwnx4jq.mongodb.net, mode=MULTIPLE, requiredClusterType=REPLICA_SET, serverSelectionTimeout='30000 ms', requiredReplicaSetName='atlas-19wujy-shard-0'}
2025-04-26 22:41:22.631  INFO 22604 --- [4jq.mongodb.net] org.mongodb.driver.cluster               : Adding discovered server ac-fhslwnw-shard-00-01.dwnx4jq.mongodb.net:27017 to client view of cluster
2025-04-26 22:41:22.652  INFO 22604 --- [4jq.mongodb.net] org.mongodb.driver.cluster               : Adding discovered server ac-fhslwnw-shard-00-02.dwnx4jq.mongodb.net:27017 to client view of cluster
2025-04-26 22:41:22.653  INFO 22604 --- [4jq.mongodb.net] org.mongodb.driver.cluster               : Adding discovered server ac-fhslwnw-shard-00-00.dwnx4jq.mongodb.net:27017 to client view of cluster
2025-04-26 22:41:23.437  INFO 22604 --- [ngodb.net:27017] org.mongodb.driver.connection            : Opened connection [connectionId{localValue:3, serverValue:20600}] to ac-fhslwnw-shard-00-01.dwnx4jq.mongodb.net:27017
2025-04-26 22:41:23.437  INFO 22604 --- [ngodb.net:27017] org.mongodb.driver.connection            : Opened connection [connectionId{localValue:1, serverValue:20382}] to ac-fhslwnw-shard-00-01.dwnx4jq.mongodb.net:27017
2025-04-26 22:41:23.437  INFO 22604 --- [ngodb.net:27017] org.mongodb.driver.connection            : Opened connection [connectionId{localValue:5, serverValue:19877}] to ac-fhslwnw-shard-00-00.dwnx4jq.mongodb.net:27017
2025-04-26 22:41:23.437  INFO 22604 --- [ngodb.net:27017] org.mongodb.driver.connection            : Opened connection [connectionId{localValue:2, serverValue:19055}] to ac-fhslwnw-shard-00-02.dwnx4jq.mongodb.net:27017
2025-04-26 22:41:23.437  INFO 22604 --- [ngodb.net:27017] org.mongodb.driver.connection            : Opened connection [connectionId{localValue:6, serverValue:19878}] to ac-fhslwnw-shard-00-00.dwnx4jq.mongodb.net:27017
2025-04-26 22:41:23.437  INFO 22604 --- [ngodb.net:27017] org.mongodb.driver.connection            : Opened connection [connectionId{localValue:4, serverValue:19055}] to ac-fhslwnw-shard-00-02.dwnx4jq.mongodb.net:27017
2025-04-26 22:41:23.444  INFO 22604 --- [ngodb.net:27017] org.mongodb.driver.cluster               : Monitor thread successfully connected to server with description ServerDescription{address=ac-fhslwnw-shard-00-01.dwnx4jq.mongodb.net:27017, type=REPLICA_SET_PRIMARY, state=CONNECTED, ok=true, minWireVersion=0, maxWireVersion=25, maxDocumentSize=16777216, logicalSessionTimeoutMinutes=30, roundTripTimeNanos=550361800, setName='atlas-19wujy-shard-0', canonicalAddress=ac-fhslwnw-shard-00-01.dwnx4jq.mongodb.net:27017, hosts=[ac-fhslwnw-shard-00-02.dwnx4jq.mongodb.net:27017, ac-fhslwnw-shard-00-01.dwnx4jq.mongodb.net:27017, ac-fhslwnw-shard-00-00.dwnx4jq.mongodb.net:27017], passives=[], arbiters=[], primary='ac-fhslwnw-shard-00-01.dwnx4jq.mongodb.net:27017', tagSet=TagSet{[Tag{name='availabilityZone', value='use1-az2'}, Tag{name='diskState', value='READY'}, Tag{name='nodeType', value='ELECTABLE'}, Tag{name='provider', value='AWS'}, Tag{name='region', value='US_EAST_1'}, Tag{name='workloadType', value='OPERATIONAL'}]}, electionId=7fffffff000000000000039d, setVersion=160, topologyVersion=TopologyVersion{processId=680cdc7a19e3c1432d1786c3, counter=9}, lastWriteDate=Sat Apr 26 22:41:24 PDT 2025, lastUpdateTimeNanos=94575998797800}
2025-04-26 22:41:23.444  INFO 22604 --- [ngodb.net:27017] org.mongodb.driver.cluster               : Monitor thread successfully connected to server with description ServerDescription{address=ac-fhslwnw-shard-00-02.dwnx4jq.mongodb.net:27017, type=REPLICA_SET_SECONDARY, state=CONNECTED, ok=true, minWireVersion=0, maxWireVersion=25, maxDocumentSize=16777216, logicalSessionTimeoutMinutes=30, roundTripTimeNanos=550297400, setName='atlas-19wujy-shard-0', canonicalAddress=ac-fhslwnw-shard-00-02.dwnx4jq.mongodb.net:27017, hosts=[ac-fhslwnw-shard-00-02.dwnx4jq.mongodb.net:27017, ac-fhslwnw-shard-00-01.dwnx4jq.mongodb.net:27017, ac-fhslwnw-shard-00-00.dwnx4jq.mongodb.net:27017], passives=[], arbiters=[], primary='ac-fhslwnw-shard-00-01.dwnx4jq.mongodb.net:27017', tagSet=TagSet{[Tag{name='availabilityZone', value='use1-az5'}, Tag{name='diskState', value='READY'}, Tag{name='nodeType', value='ELECTABLE'}, Tag{name='provider', value='AWS'}, Tag{name='region', value='US_EAST_1'}, Tag{name='workloadType', value='OPERATIONAL'}]}, electionId=null, setVersion=160, topologyVersion=TopologyVersion{processId=680cde661a8f3485b8261609, counter=5}, lastWriteDate=Sat Apr 26 22:41:24 PDT 2025, lastUpdateTimeNanos=94575998797800}
2025-04-26 22:41:23.444  INFO 22604 --- [ngodb.net:27017] org.mongodb.driver.cluster               : Monitor thread successfully connected to server with description ServerDescription{address=ac-fhslwnw-shard-00-00.dwnx4jq.mongodb.net:27017, type=REPLICA_SET_SECONDARY, state=CONNECTED, ok=true, minWireVersion=0, maxWireVersion=25, maxDocumentSize=16777216, logicalSessionTimeoutMinutes=30, roundTripTimeNanos=550376700, setName='atlas-19wujy-shard-0', canonicalAddress=ac-fhslwnw-shard-00-00.dwnx4jq.mongodb.net:27017, hosts=[ac-fhslwnw-shard-00-02.dwnx4jq.mongodb.net:27017, ac-fhslwnw-shard-00-01.dwnx4jq.mongodb.net:27017, ac-fhslwnw-shard-00-00.dwnx4jq.mongodb.net:27017], passives=[], arbiters=[], primary='ac-fhslwnw-shard-00-01.dwnx4jq.mongodb.net:27017', tagSet=TagSet{[Tag{name='availabilityZone', value='use1-az1'}, Tag{name='diskState', value='READY'}, Tag{name='nodeType', value='ELECTABLE'}, Tag{name='provider', value='AWS'}, Tag{name='region', value='US_EAST_1'}, Tag{name='workloadType', value='OPERATIONAL'}]}, electionId=null, setVersion=160, topologyVersion=TopologyVersion{processId=680cdd21bacb5d5274a962bd, counter=5}, lastWriteDate=Sat Apr 26 22:41:24 PDT 2025, lastUpdateTimeNanos=94575998797600}
2025-04-26 22:41:23.448  INFO 22604 --- [ngodb.net:27017] org.mongodb.driver.cluster               : Setting max election id to 7fffffff000000000000039d from replica set primary ac-fhslwnw-shard-00-01.dwnx4jq.mongodb.net:27017
2025-04-26 22:41:23.449  INFO 22604 --- [ngodb.net:27017] org.mongodb.driver.cluster               : Setting max set version to 160 from replica set primary ac-fhslwnw-shard-00-01.dwnx4jq.mongodb.net:27017
2025-04-26 22:41:23.449  INFO 22604 --- [ngodb.net:27017] org.mongodb.driver.cluster               : Discovered replica set primary ac-fhslwnw-shard-00-01.dwnx4jq.mongodb.net:27017
2025-04-26 22:41:23.904  INFO 22604 --- [           main] c.e.i.InternshipPlatformApplicationTests : Started InternshipPlatformApplicationTests in 2.573 seconds (JVM running for 3.235)
]]></system-out>
  </testcase>
</testsuite>