<?xml version="1.0" encoding="UTF-8"?>
<testsuite xmlns:xsi="http://www.w3.org/2001/XMLSchema-instance" xsi:noNamespaceSchemaLocation="https://maven.apache.org/surefire/maven-surefire-plugin/xsd/surefire-test-report-3.0.xsd" version="3.0" name="com.example.internshipplatform.InternshipPlatformApplicationTests" time="1.483" tests="1" errors="0" skipped="0" failures="0">
  <properties>
    <property name="java.specification.version" value="23"/>
    <property name="sun.jnu.encoding" value="UTF-8"/>
    <property name="java.class.path" value="/Users/administrator/Desktop/projects/lahacks25/backend/target/test-classes:/Users/administrator/Desktop/projects/lahacks25/backend/target/classes:/Users/administrator/.m2/repository/org/springframework/boot/spring-boot-starter-web/2.5.4/spring-boot-starter-web-2.5.4.jar:/Users/administrator/.m2/repository/org/springframework/boot/spring-boot-starter-json/2.5.4/spring-boot-starter-json-2.5.4.jar:/Users/administrator/.m2/repository/com/fasterxml/jackson/core/jackson-databind/2.12.4/jackson-databind-2.12.4.jar:/Users/administrator/.m2/repository/com/fasterxml/jackson/core/jackson-annotations/2.12.4/jackson-annotations-2.12.4.jar:/Users/administrator/.m2/repository/com/fasterxml/jackson/core/jackson-core/2.12.4/jackson-core-2.12.4.jar:/Users/administrator/.m2/repository/com/fasterxml/jackson/datatype/jackson-datatype-jdk8/2.12.4/jackson-datatype-jdk8-2.12.4.jar:/Users/administrator/.m2/repository/com/fasterxml/jackson/datatype/jackson-datatype-jsr310/2.12.4/jackson-datatype-jsr310-2.12.4.jar:/Users/administrator/.m2/repository/com/fasterxml/jackson/module/jackson-module-parameter-names/2.12.4/jackson-module-parameter-names-2.12.4.jar:/Users/administrator/.m2/repository/org/springframework/boot/spring-boot-starter-tomcat/2.5.4/spring-boot-starter-tomcat-2.5.4.jar:/Users/administrator/.m2/repository/org/apache/tomcat/embed/tomcat-embed-core/9.0.52/tomcat-embed-core-9.0.52.jar:/Users/administrator/.m2/repository/org/apache/tomcat/embed/tomcat-embed-el/9.0.52/tomcat-embed-el-9.0.52.jar:/Users/administrator/.m2/repository/org/apache/tomcat/embed/tomcat-embed-websocket/9.0.52/tomcat-embed-websocket-9.0.52.jar:/Users/administrator/.m2/repository/org/springframework/spring-web/5.3.9/spring-web-5.3.9.jar:/Users/administrator/.m2/repository/org/springframework/spring-webmvc/5.3.9/spring-webmvc-5.3.9.jar:/Users/administrator/.m2/repository/org/springframework/boot/spring-boot-starter-data-mongodb/2.5.4/spring-boot-starter-data-mongodb-2.5.4.jar:/Users/administrator/.m2/repository/org/mongodb/mongodb-driver-sync/4.2.3/mongodb-driver-sync-4.2.3.jar:/Users/administrator/.m2/repository/org/mongodb/bson/4.2.3/bson-4.2.3.jar:/Users/administrator/.m2/repository/org/mongodb/mongodb-driver-core/4.2.3/mongodb-driver-core-4.2.3.jar:/Users/administrator/.m2/repository/org/springframework/data/spring-data-mongodb/3.2.4/spring-data-mongodb-3.2.4.jar:/Users/administrator/.m2/repository/org/springframework/spring-tx/5.3.9/spring-tx-5.3.9.jar:/Users/administrator/.m2/repository/org/springframework/data/spring-data-commons/2.5.4/spring-data-commons-2.5.4.jar:/Users/administrator/.m2/repository/org/slf4j/slf4j-api/1.7.26/slf4j-api-1.7.26.jar:/Users/administrator/.m2/repository/org/springframework/boot/spring-boot-starter-test/2.5.4/spring-boot-starter-test-2.5.4.jar:/Users/administrator/.m2/repository/org/springframework/boot/spring-boot-test/2.5.4/spring-boot-test-2.5.4.jar:/Users/administrator/.m2/repository/org/springframework/boot/spring-boot-test-autoconfigure/2.5.4/spring-boot-test-autoconfigure-2.5.4.jar:/Users/administrator/.m2/repository/com/jayway/jsonpath/json-path/2.5.0/json-path-2.5.0.jar:/Users/administrator/.m2/repository/net/minidev/json-smart/2.3/json-smart-2.3.jar:/Users/administrator/.m2/repository/net/minidev/accessors-smart/1.2/accessors-smart-1.2.jar:/Users/administrator/.m2/repository/org/ow2/asm/asm/5.0.4/asm-5.0.4.jar:/Users/administrator/.m2/repository/jakarta/xml/bind/jakarta.xml.bind-api/2.3.3/jakarta.xml.bind-api-2.3.3.jar:/Users/administrator/.m2/repository/jakarta/activation/jakarta.activation-api/1.2.2/jakarta.activation-api-1.2.2.jar:/Users/administrator/.m2/repository/org/assertj/assertj-core/3.19.0/assertj-core-3.19.0.jar:/Users/administrator/.m2/repository/org/hamcrest/hamcrest/2.2/hamcrest-2.2.jar:/Users/administrator/.m2/repository/org/junit/jupiter/junit-jupiter/5.7.2/junit-jupiter-5.7.2.jar:/Users/administrator/.m2/repository/org/junit/jupiter/junit-jupiter-api/5.7.2/junit-jupiter-api-5.7.2.jar:/Users/administrator/.m2/repository/org/apiguardian/apiguardian-api/1.1.0/apiguardian-api-1.1.0.jar:/Users/administrator/.m2/repository/org/opentest4j/opentest4j/1.2.0/opentest4j-1.2.0.jar:/Users/administrator/.m2/repository/org/junit/platform/junit-platform-commons/1.7.2/junit-platform-commons-1.7.2.jar:/Users/administrator/.m2/repository/org/junit/jupiter/junit-jupiter-params/5.7.2/junit-jupiter-params-5.7.2.jar:/Users/administrator/.m2/repository/org/junit/jupiter/junit-jupiter-engine/5.7.2/junit-jupiter-engine-5.7.2.jar:/Users/administrator/.m2/repository/org/junit/platform/junit-platform-engine/1.7.2/junit-platform-engine-1.7.2.jar:/Users/administrator/.m2/repository/org/mockito/mockito-core/3.9.0/mockito-core-3.9.0.jar:/Users/administrator/.m2/repository/net/bytebuddy/byte-buddy/1.10.20/byte-buddy-1.10.20.jar:/Users/administrator/.m2/repository/net/bytebuddy/byte-buddy-agent/1.10.20/byte-buddy-agent-1.10.20.jar:/Users/administrator/.m2/repository/org/objenesis/objenesis/3.2/objenesis-3.2.jar:/Users/administrator/.m2/repository/org/mockito/mockito-junit-jupiter/3.9.0/mockito-junit-jupiter-3.9.0.jar:/Users/administrator/.m2/repository/org/skyscreamer/jsonassert/1.5.0/jsonassert-1.5.0.jar:/Users/administrator/.m2/repository/com/vaadin/external/google/android-json/0.0.20131108.vaadin1/android-json-0.0.20131108.vaadin1.jar:/Users/administrator/.m2/repository/org/springframework/spring-core/5.3.9/spring-core-5.3.9.jar:/Users/administrator/.m2/repository/org/springframework/spring-jcl/5.3.9/spring-jcl-5.3.9.jar:/Users/administrator/.m2/repository/org/springframework/spring-test/5.3.9/spring-test-5.3.9.jar:/Users/administrator/.m2/repository/org/xmlunit/xmlunit-core/2.8.2/xmlunit-core-2.8.2.jar:/Users/administrator/.m2/repository/org/springframework/boot/spring-boot-starter/2.5.4/spring-boot-starter-2.5.4.jar:/Users/administrator/.m2/repository/org/springframework/boot/spring-boot/2.5.4/spring-boot-2.5.4.jar:/Users/administrator/.m2/repository/org/springframework/boot/spring-boot-autoconfigure/2.5.4/spring-boot-autoconfigure-2.5.4.jar:/Users/administrator/.m2/repository/org/springframework/boot/spring-boot-starter-logging/2.5.4/spring-boot-starter-logging-2.5.4.jar:/Users/administrator/.m2/repository/ch/qos/logback/logback-classic/1.2.5/logback-classic-1.2.5.jar:/Users/administrator/.m2/repository/ch/qos/logback/logback-core/1.2.5/logback-core-1.2.5.jar:/Users/administrator/.m2/repository/org/apache/logging/log4j/log4j-to-slf4j/2.14.1/log4j-to-slf4j-2.14.1.jar:/Users/administrator/.m2/repository/org/apache/logging/log4j/log4j-api/2.14.1/log4j-api-2.14.1.jar:/Users/administrator/.m2/repository/org/slf4j/jul-to-slf4j/1.7.32/jul-to-slf4j-1.7.32.jar:/Users/administrator/.m2/repository/jakarta/annotation/jakarta.annotation-api/1.3.5/jakarta.annotation-api-1.3.5.jar:/Users/administrator/.m2/repository/org/yaml/snakeyaml/1.28/snakeyaml-1.28.jar:/Users/administrator/.m2/repository/org/springframework/ai/spring-ai-starter-model-openai/1.0.0-M7/spring-ai-starter-model-openai-1.0.0-M7.jar:/Users/administrator/.m2/repository/org/springframework/ai/spring-ai-autoconfigure-model-openai/1.0.0-M7/spring-ai-autoconfigure-model-openai-1.0.0-M7.jar:/Users/administrator/.m2/repository/org/springframework/ai/spring-ai-autoconfigure-model-tool/1.0.0-M7/spring-ai-autoconfigure-model-tool-1.0.0-M7.jar:/Users/administrator/.m2/repository/org/springframework/ai/spring-ai-model/1.0.0-M7/spring-ai-model-1.0.0-M7.jar:/Users/administrator/.m2/repository/org/springframework/ai/spring-ai-commons/1.0.0-M7/spring-ai-commons-1.0.0-M7.jar:/Users/administrator/.m2/repository/io/micrometer/micrometer-core/1.14.5/micrometer-core-1.14.5.jar:/Users/administrator/.m2/repository/org/hdrhistogram/HdrHistogram/2.2.2/HdrHistogram-2.2.2.jar:/Users/administrator/.m2/repository/org/latencyutils/LatencyUtils/2.0.3/LatencyUtils-2.0.3.jar:/Users/administrator/.m2/repository/io/micrometer/context-propagation/1.1.2/context-propagation-1.1.2.jar:/Users/administrator/.m2/repository/io/micrometer/micrometer-observation/1.14.5/micrometer-observation-1.14.5.jar:/Users/administrator/.m2/repository/io/micrometer/micrometer-commons/1.14.5/micrometer-commons-1.14.5.jar:/Users/administrator/.m2/repository/org/antlr/ST4/4.3.4/ST4-4.3.4.jar:/Users/administrator/.m2/repository/org/antlr/antlr-runtime/3.5.3/antlr-runtime-3.5.3.jar:/Users/administrator/.m2/repository/org/antlr/antlr4-runtime/4.13.1/antlr4-runtime-4.13.1.jar:/Users/administrator/.m2/repository/org/springframework/ai/spring-ai-autoconfigure-retry/1.0.0-M7/spring-ai-autoconfigure-retry-1.0.0-M7.jar:/Users/administrator/.m2/repository/org/springframework/ai/spring-ai-autoconfigure-model-chat-observation/1.0.0-M7/spring-ai-autoconfigure-model-chat-observation-1.0.0-M7.jar:/Users/administrator/.m2/repository/org/springframework/ai/spring-ai-autoconfigure-model-embedding-observation/1.0.0-M7/spring-ai-autoconfigure-model-embedding-observation-1.0.0-M7.jar:/Users/administrator/.m2/repository/org/springframework/ai/spring-ai-autoconfigure-model-image-observation/1.0.0-M7/spring-ai-autoconfigure-model-image-observation-1.0.0-M7.jar:/Users/administrator/.m2/repository/org/springframework/ai/spring-ai-openai/1.0.0-M7/spring-ai-openai-1.0.0-M7.jar:/Users/administrator/.m2/repository/org/springframework/ai/spring-ai-client-chat/1.0.0-M7/spring-ai-client-chat-1.0.0-M7.jar:/Users/administrator/.m2/repository/com/fasterxml/jackson/module/jackson-module-jsonSchema/2.18.3/jackson-module-jsonSchema-2.18.3.jar:/Users/administrator/.m2/repository/javax/validation/validation-api/1.1.0.Final/validation-api-1.1.0.Final.jar:/Users/administrator/.m2/repository/io/swagger/core/v3/swagger-annotations/2.2.25/swagger-annotations-2.2.25.jar:/Users/administrator/.m2/repository/com/github/victools/jsonschema-module-swagger-2/4.37.0/jsonschema-module-swagger-2-4.37.0.jar:/Users/administrator/.m2/repository/io/projectreactor/reactor-core/3.7.4/reactor-core-3.7.4.jar:/Users/administrator/.m2/repository/org/reactivestreams/reactive-streams/1.0.4/reactive-streams-1.0.4.jar:/Users/administrator/.m2/repository/org/springframework/spring-messaging/6.2.5/spring-messaging-6.2.5.jar:/Users/administrator/.m2/repository/com/knuddels/jtokkit/1.1.0/jtokkit-1.1.0.jar:/Users/administrator/.m2/repository/org/springframework/ai/spring-ai-retry/1.0.0-M7/spring-ai-retry-1.0.0-M7.jar:/Users/administrator/.m2/repository/org/springframework/retry/spring-retry/2.0.11/spring-retry-2.0.11.jar:/Users/administrator/.m2/repository/org/springframework/spring-webflux/6.2.5/spring-webflux-6.2.5.jar:/Users/administrator/.m2/repository/io/rest-assured/json-path/5.5.1/json-path-5.5.1.jar:/Users/administrator/.m2/repository/org/apache/groovy/groovy-json/4.0.22/groovy-json-4.0.22.jar:/Users/administrator/.m2/repository/org/apache/groovy/groovy/4.0.22/groovy-4.0.22.jar:/Users/administrator/.m2/repository/io/rest-assured/rest-assured-common/5.5.1/rest-assured-common-5.5.1.jar:/Users/administrator/.m2/repository/org/apache/commons/commons-lang3/3.16.0/commons-lang3-3.16.0.jar:/Users/administrator/.m2/repository/com/github/victools/jsonschema-generator/4.37.0/jsonschema-generator-4.37.0.jar:/Users/administrator/.m2/repository/com/fasterxml/classmate/1.7.0/classmate-1.7.0.jar:/Users/administrator/.m2/repository/com/github/victools/jsonschema-module-jackson/4.37.0/jsonschema-module-jackson-4.37.0.jar:/Users/administrator/.m2/repository/org/springframework/spring-context-support/6.2.5/spring-context-support-6.2.5.jar:/Users/administrator/.m2/repository/org/springframework/ai/spring-ai-autoconfigure-model-chat-client/1.0.0-M7/spring-ai-autoconfigure-model-chat-client-1.0.0-M7.jar:/Users/administrator/.m2/repository/org/springframework/security/spring-security-core/5.7.5/spring-security-core-5.7.5.jar:/Users/administrator/.m2/repository/org/springframework/security/spring-security-crypto/5.7.5/spring-security-crypto-5.7.5.jar:/Users/administrator/.m2/repository/org/springframework/spring-aop/5.3.23/spring-aop-5.3.23.jar:/Users/administrator/.m2/repository/org/springframework/spring-beans/5.3.23/spring-beans-5.3.23.jar:/Users/administrator/.m2/repository/org/springframework/spring-context/5.3.23/spring-context-5.3.23.jar:/Users/administrator/.m2/repository/org/springframework/spring-expression/5.3.23/spring-expression-5.3.23.jar:"/>
    <property name="java.vm.vendor" value="Homebrew"/>
    <property name="sun.arch.data.model" value="64"/>
    <property name="java.vendor.url" value="https://github.com/Homebrew/homebrew-core/issues"/>
    <property name="user.timezone" value="America/Los_Angeles"/>
    <property name="os.name" value="Mac OS X"/>
    <property name="java.vm.specification.version" value="23"/>
    <property name="sun.java.launcher" value="SUN_STANDARD"/>
    <property name="user.country" value="US"/>
    <property name="sun.boot.library.path" value="/opt/homebrew/Cellar/openjdk/23.0.2/libexec/openjdk.jdk/Contents/Home/lib"/>
    <property name="sun.java.command" value="/Users/administrator/Desktop/projects/lahacks25/backend/target/surefire/surefirebooter-20250427010734205_3.jar /Users/administrator/Desktop/projects/lahacks25/backend/target/surefire 2025-04-27T01-07-34_167-jvmRun1 surefire-20250427010734205_1tmp surefire_0-20250427010734205_2tmp"/>
    <property name="http.nonProxyHosts" value="local|*.local|169.254/16|*.169.254/16"/>
    <property name="jdk.debug" value="release"/>
    <property name="surefire.test.class.path" value="/Users/administrator/Desktop/projects/lahacks25/backend/target/test-classes:/Users/administrator/Desktop/projects/lahacks25/backend/target/classes:/Users/administrator/.m2/repository/org/springframework/boot/spring-boot-starter-web/2.5.4/spring-boot-starter-web-2.5.4.jar:/Users/administrator/.m2/repository/org/springframework/boot/spring-boot-starter-json/2.5.4/spring-boot-starter-json-2.5.4.jar:/Users/administrator/.m2/repository/com/fasterxml/jackson/core/jackson-databind/2.12.4/jackson-databind-2.12.4.jar:/Users/administrator/.m2/repository/com/fasterxml/jackson/core/jackson-annotations/2.12.4/jackson-annotations-2.12.4.jar:/Users/administrator/.m2/repository/com/fasterxml/jackson/core/jackson-core/2.12.4/jackson-core-2.12.4.jar:/Users/administrator/.m2/repository/com/fasterxml/jackson/datatype/jackson-datatype-jdk8/2.12.4/jackson-datatype-jdk8-2.12.4.jar:/Users/administrator/.m2/repository/com/fasterxml/jackson/datatype/jackson-datatype-jsr310/2.12.4/jackson-datatype-jsr310-2.12.4.jar:/Users/administrator/.m2/repository/com/fasterxml/jackson/module/jackson-module-parameter-names/2.12.4/jackson-module-parameter-names-2.12.4.jar:/Users/administrator/.m2/repository/org/springframework/boot/spring-boot-starter-tomcat/2.5.4/spring-boot-starter-tomcat-2.5.4.jar:/Users/administrator/.m2/repository/org/apache/tomcat/embed/tomcat-embed-core/9.0.52/tomcat-embed-core-9.0.52.jar:/Users/administrator/.m2/repository/org/apache/tomcat/embed/tomcat-embed-el/9.0.52/tomcat-embed-el-9.0.52.jar:/Users/administrator/.m2/repository/org/apache/tomcat/embed/tomcat-embed-websocket/9.0.52/tomcat-embed-websocket-9.0.52.jar:/Users/administrator/.m2/repository/org/springframework/spring-web/5.3.9/spring-web-5.3.9.jar:/Users/administrator/.m2/repository/org/springframework/spring-webmvc/5.3.9/spring-webmvc-5.3.9.jar:/Users/administrator/.m2/repository/org/springframework/boot/spring-boot-starter-data-mongodb/2.5.4/spring-boot-starter-data-mongodb-2.5.4.jar:/Users/administrator/.m2/repository/org/mongodb/mongodb-driver-sync/4.2.3/mongodb-driver-sync-4.2.3.jar:/Users/administrator/.m2/repository/org/mongodb/bson/4.2.3/bson-4.2.3.jar:/Users/administrator/.m2/repository/org/mongodb/mongodb-driver-core/4.2.3/mongodb-driver-core-4.2.3.jar:/Users/administrator/.m2/repository/org/springframework/data/spring-data-mongodb/3.2.4/spring-data-mongodb-3.2.4.jar:/Users/administrator/.m2/repository/org/springframework/spring-tx/5.3.9/spring-tx-5.3.9.jar:/Users/administrator/.m2/repository/org/springframework/data/spring-data-commons/2.5.4/spring-data-commons-2.5.4.jar:/Users/administrator/.m2/repository/org/slf4j/slf4j-api/1.7.26/slf4j-api-1.7.26.jar:/Users/administrator/.m2/repository/org/springframework/boot/spring-boot-starter-test/2.5.4/spring-boot-starter-test-2.5.4.jar:/Users/administrator/.m2/repository/org/springframework/boot/spring-boot-test/2.5.4/spring-boot-test-2.5.4.jar:/Users/administrator/.m2/repository/org/springframework/boot/spring-boot-test-autoconfigure/2.5.4/spring-boot-test-autoconfigure-2.5.4.jar:/Users/administrator/.m2/repository/com/jayway/jsonpath/json-path/2.5.0/json-path-2.5.0.jar:/Users/administrator/.m2/repository/net/minidev/json-smart/2.3/json-smart-2.3.jar:/Users/administrator/.m2/repository/net/minidev/accessors-smart/1.2/accessors-smart-1.2.jar:/Users/administrator/.m2/repository/org/ow2/asm/asm/5.0.4/asm-5.0.4.jar:/Users/administrator/.m2/repository/jakarta/xml/bind/jakarta.xml.bind-api/2.3.3/jakarta.xml.bind-api-2.3.3.jar:/Users/administrator/.m2/repository/jakarta/activation/jakarta.activation-api/1.2.2/jakarta.activation-api-1.2.2.jar:/Users/administrator/.m2/repository/org/assertj/assertj-core/3.19.0/assertj-core-3.19.0.jar:/Users/administrator/.m2/repository/org/hamcrest/hamcrest/2.2/hamcrest-2.2.jar:/Users/administrator/.m2/repository/org/junit/jupiter/junit-jupiter/5.7.2/junit-jupiter-5.7.2.jar:/Users/administrator/.m2/repository/org/junit/jupiter/junit-jupiter-api/5.7.2/junit-jupiter-api-5.7.2.jar:/Users/administrator/.m2/repository/org/apiguardian/apiguardian-api/1.1.0/apiguardian-api-1.1.0.jar:/Users/administrator/.m2/repository/org/opentest4j/opentest4j/1.2.0/opentest4j-1.2.0.jar:/Users/administrator/.m2/repository/org/junit/platform/junit-platform-commons/1.7.2/junit-platform-commons-1.7.2.jar:/Users/administrator/.m2/repository/org/junit/jupiter/junit-jupiter-params/5.7.2/junit-jupiter-params-5.7.2.jar:/Users/administrator/.m2/repository/org/junit/jupiter/junit-jupiter-engine/5.7.2/junit-jupiter-engine-5.7.2.jar:/Users/administrator/.m2/repository/org/junit/platform/junit-platform-engine/1.7.2/junit-platform-engine-1.7.2.jar:/Users/administrator/.m2/repository/org/mockito/mockito-core/3.9.0/mockito-core-3.9.0.jar:/Users/administrator/.m2/repository/net/bytebuddy/byte-buddy/1.10.20/byte-buddy-1.10.20.jar:/Users/administrator/.m2/repository/net/bytebuddy/byte-buddy-agent/1.10.20/byte-buddy-agent-1.10.20.jar:/Users/administrator/.m2/repository/org/objenesis/objenesis/3.2/objenesis-3.2.jar:/Users/administrator/.m2/repository/org/mockito/mockito-junit-jupiter/3.9.0/mockito-junit-jupiter-3.9.0.jar:/Users/administrator/.m2/repository/org/skyscreamer/jsonassert/1.5.0/jsonassert-1.5.0.jar:/Users/administrator/.m2/repository/com/vaadin/external/google/android-json/0.0.20131108.vaadin1/android-json-0.0.20131108.vaadin1.jar:/Users/administrator/.m2/repository/org/springframework/spring-core/5.3.9/spring-core-5.3.9.jar:/Users/administrator/.m2/repository/org/springframework/spring-jcl/5.3.9/spring-jcl-5.3.9.jar:/Users/administrator/.m2/repository/org/springframework/spring-test/5.3.9/spring-test-5.3.9.jar:/Users/administrator/.m2/repository/org/xmlunit/xmlunit-core/2.8.2/xmlunit-core-2.8.2.jar:/Users/administrator/.m2/repository/org/springframework/boot/spring-boot-starter/2.5.4/spring-boot-starter-2.5.4.jar:/Users/administrator/.m2/repository/org/springframework/boot/spring-boot/2.5.4/spring-boot-2.5.4.jar:/Users/administrator/.m2/repository/org/springframework/boot/spring-boot-autoconfigure/2.5.4/spring-boot-autoconfigure-2.5.4.jar:/Users/administrator/.m2/repository/org/springframework/boot/spring-boot-starter-logging/2.5.4/spring-boot-starter-logging-2.5.4.jar:/Users/administrator/.m2/repository/ch/qos/logback/logback-classic/1.2.5/logback-classic-1.2.5.jar:/Users/administrator/.m2/repository/ch/qos/logback/logback-core/1.2.5/logback-core-1.2.5.jar:/Users/administrator/.m2/repository/org/apache/logging/log4j/log4j-to-slf4j/2.14.1/log4j-to-slf4j-2.14.1.jar:/Users/administrator/.m2/repository/org/apache/logging/log4j/log4j-api/2.14.1/log4j-api-2.14.1.jar:/Users/administrator/.m2/repository/org/slf4j/jul-to-slf4j/1.7.32/jul-to-slf4j-1.7.32.jar:/Users/administrator/.m2/repository/jakarta/annotation/jakarta.annotation-api/1.3.5/jakarta.annotation-api-1.3.5.jar:/Users/administrator/.m2/repository/org/yaml/snakeyaml/1.28/snakeyaml-1.28.jar:/Users/administrator/.m2/repository/org/springframework/ai/spring-ai-starter-model-openai/1.0.0-M7/spring-ai-starter-model-openai-1.0.0-M7.jar:/Users/administrator/.m2/repository/org/springframework/ai/spring-ai-autoconfigure-model-openai/1.0.0-M7/spring-ai-autoconfigure-model-openai-1.0.0-M7.jar:/Users/administrator/.m2/repository/org/springframework/ai/spring-ai-autoconfigure-model-tool/1.0.0-M7/spring-ai-autoconfigure-model-tool-1.0.0-M7.jar:/Users/administrator/.m2/repository/org/springframework/ai/spring-ai-model/1.0.0-M7/spring-ai-model-1.0.0-M7.jar:/Users/administrator/.m2/repository/org/springframework/ai/spring-ai-commons/1.0.0-M7/spring-ai-commons-1.0.0-M7.jar:/Users/administrator/.m2/repository/io/micrometer/micrometer-core/1.14.5/micrometer-core-1.14.5.jar:/Users/administrator/.m2/repository/org/hdrhistogram/HdrHistogram/2.2.2/HdrHistogram-2.2.2.jar:/Users/administrator/.m2/repository/org/latencyutils/LatencyUtils/2.0.3/LatencyUtils-2.0.3.jar:/Users/administrator/.m2/repository/io/micrometer/context-propagation/1.1.2/context-propagation-1.1.2.jar:/Users/administrator/.m2/repository/io/micrometer/micrometer-observation/1.14.5/micrometer-observation-1.14.5.jar:/Users/administrator/.m2/repository/io/micrometer/micrometer-commons/1.14.5/micrometer-commons-1.14.5.jar:/Users/administrator/.m2/repository/org/antlr/ST4/4.3.4/ST4-4.3.4.jar:/Users/administrator/.m2/repository/org/antlr/antlr-runtime/3.5.3/antlr-runtime-3.5.3.jar:/Users/administrator/.m2/repository/org/antlr/antlr4-runtime/4.13.1/antlr4-runtime-4.13.1.jar:/Users/administrator/.m2/repository/org/springframework/ai/spring-ai-autoconfigure-retry/1.0.0-M7/spring-ai-autoconfigure-retry-1.0.0-M7.jar:/Users/administrator/.m2/repository/org/springframework/ai/spring-ai-autoconfigure-model-chat-observation/1.0.0-M7/spring-ai-autoconfigure-model-chat-observation-1.0.0-M7.jar:/Users/administrator/.m2/repository/org/springframework/ai/spring-ai-autoconfigure-model-embedding-observation/1.0.0-M7/spring-ai-autoconfigure-model-embedding-observation-1.0.0-M7.jar:/Users/administrator/.m2/repository/org/springframework/ai/spring-ai-autoconfigure-model-image-observation/1.0.0-M7/spring-ai-autoconfigure-model-image-observation-1.0.0-M7.jar:/Users/administrator/.m2/repository/org/springframework/ai/spring-ai-openai/1.0.0-M7/spring-ai-openai-1.0.0-M7.jar:/Users/administrator/.m2/repository/org/springframework/ai/spring-ai-client-chat/1.0.0-M7/spring-ai-client-chat-1.0.0-M7.jar:/Users/administrator/.m2/repository/com/fasterxml/jackson/module/jackson-module-jsonSchema/2.18.3/jackson-module-jsonSchema-2.18.3.jar:/Users/administrator/.m2/repository/javax/validation/validation-api/1.1.0.Final/validation-api-1.1.0.Final.jar:/Users/administrator/.m2/repository/io/swagger/core/v3/swagger-annotations/2.2.25/swagger-annotations-2.2.25.jar:/Users/administrator/.m2/repository/com/github/victools/jsonschema-module-swagger-2/4.37.0/jsonschema-module-swagger-2-4.37.0.jar:/Users/administrator/.m2/repository/io/projectreactor/reactor-core/3.7.4/reactor-core-3.7.4.jar:/Users/administrator/.m2/repository/org/reactivestreams/reactive-streams/1.0.4/reactive-streams-1.0.4.jar:/Users/administrator/.m2/repository/org/springframework/spring-messaging/6.2.5/spring-messaging-6.2.5.jar:/Users/administrator/.m2/repository/com/knuddels/jtokkit/1.1.0/jtokkit-1.1.0.jar:/Users/administrator/.m2/repository/org/springframework/ai/spring-ai-retry/1.0.0-M7/spring-ai-retry-1.0.0-M7.jar:/Users/administrator/.m2/repository/org/springframework/retry/spring-retry/2.0.11/spring-retry-2.0.11.jar:/Users/administrator/.m2/repository/org/springframework/spring-webflux/6.2.5/spring-webflux-6.2.5.jar:/Users/administrator/.m2/repository/io/rest-assured/json-path/5.5.1/json-path-5.5.1.jar:/Users/administrator/.m2/repository/org/apache/groovy/groovy-json/4.0.22/groovy-json-4.0.22.jar:/Users/administrator/.m2/repository/org/apache/groovy/groovy/4.0.22/groovy-4.0.22.jar:/Users/administrator/.m2/repository/io/rest-assured/rest-assured-common/5.5.1/rest-assured-common-5.5.1.jar:/Users/administrator/.m2/repository/org/apache/commons/commons-lang3/3.16.0/commons-lang3-3.16.0.jar:/Users/administrator/.m2/repository/com/github/victools/jsonschema-generator/4.37.0/jsonschema-generator-4.37.0.jar:/Users/administrator/.m2/repository/com/fasterxml/classmate/1.7.0/classmate-1.7.0.jar:/Users/administrator/.m2/repository/com/github/victools/jsonschema-module-jackson/4.37.0/jsonschema-module-jackson-4.37.0.jar:/Users/administrator/.m2/repository/org/springframework/spring-context-support/6.2.5/spring-context-support-6.2.5.jar:/Users/administrator/.m2/repository/org/springframework/ai/spring-ai-autoconfigure-model-chat-client/1.0.0-M7/spring-ai-autoconfigure-model-chat-client-1.0.0-M7.jar:/Users/administrator/.m2/repository/org/springframework/security/spring-security-core/5.7.5/spring-security-core-5.7.5.jar:/Users/administrator/.m2/repository/org/springframework/security/spring-security-crypto/5.7.5/spring-security-crypto-5.7.5.jar:/Users/administrator/.m2/repository/org/springframework/spring-aop/5.3.23/spring-aop-5.3.23.jar:/Users/administrator/.m2/repository/org/springframework/spring-beans/5.3.23/spring-beans-5.3.23.jar:/Users/administrator/.m2/repository/org/springframework/spring-context/5.3.23/spring-context-5.3.23.jar:/Users/administrator/.m2/repository/org/springframework/spring-expression/5.3.23/spring-expression-5.3.23.jar:"/>
    <property name="sun.cpu.endian" value="little"/>
    <property name="user.home" value="/Users/administrator"/>
    <property name="user.language" value="en"/>
    <property name="java.specification.vendor" value="Oracle Corporation"/>
    <property name="java.version.date" value="2025-01-21"/>
    <property name="java.home" value="/opt/homebrew/Cellar/openjdk/23.0.2/libexec/openjdk.jdk/Contents/Home"/>
    <property name="file.separator" value="/"/>
    <property name="basedir" value="/Users/administrator/Desktop/projects/lahacks25/backend"/>
    <property name="java.vm.compressedOopsMode" value="Zero based"/>
    <property name="line.separator" value="&#10;"/>
    <property name="java.vm.specification.vendor" value="Oracle Corporation"/>
    <property name="java.specification.name" value="Java Platform API Specification"/>
    <property name="FILE_LOG_CHARSET" value="UTF-8"/>
    <property name="java.awt.headless" value="true"/>
    <property name="apple.awt.application.name" value="ForkedBooter"/>
    <property name="surefire.real.class.path" value="/Users/administrator/Desktop/projects/lahacks25/backend/target/surefire/surefirebooter-20250427010734205_3.jar"/>
    <property name="sun.management.compiler" value="HotSpot 64-Bit Tiered Compilers"/>
    <property name="ftp.nonProxyHosts" value="local|*.local|169.254/16|*.169.254/16"/>
    <property name="java.runtime.version" value="23.0.2"/>
    <property name="user.name" value="administrator"/>
    <property name="stdout.encoding" value="UTF-8"/>
    <property name="path.separator" value=":"/>
    <property name="os.version" value="14.6.1"/>
    <property name="java.runtime.name" value="OpenJDK Runtime Environment"/>
    <property name="file.encoding" value="UTF-8"/>
    <property name="spring.beaninfo.ignore" value="true"/>
    <property name="java.vm.name" value="OpenJDK 64-Bit Server VM"/>
    <property name="java.vendor.version" value="Homebrew"/>
    <property name="localRepository" value="/Users/administrator/.m2/repository"/>
    <property name="java.vendor.url.bug" value="https://github.com/Homebrew/homebrew-core/issues"/>
    <property name="java.io.tmpdir" value="/var/folders/p6/9w1ysvj16slcwjnzx1b03vg80000gn/T/"/>
    <property name="java.version" value="23.0.2"/>
    <property name="user.dir" value="/Users/administrator/Desktop/projects/lahacks25/backend"/>
    <property name="os.arch" value="aarch64"/>
    <property name="java.vm.specification.name" value="Java Virtual Machine Specification"/>
    <property name="PID" value="71308"/>
    <property name="CONSOLE_LOG_CHARSET" value="UTF-8"/>
    <property name="native.encoding" value="UTF-8"/>
    <property name="java.library.path" value="/Users/administrator/Library/Java/Extensions:/Library/Java/Extensions:/Network/Library/Java/Extensions:/System/Library/Java/Extensions:/usr/lib/java:."/>
    <property name="java.vm.info" value="mixed mode, sharing"/>
    <property name="stderr.encoding" value="UTF-8"/>
    <property name="java.vendor" value="Homebrew"/>
    <property name="java.vm.version" value="23.0.2"/>
    <property name="sun.io.unicode.encoding" value="UnicodeBig"/>
    <property name="socksNonProxyHosts" value="local|*.local|169.254/16|*.169.254/16"/>
    <property name="java.class.version" value="67.0"/>
  </properties>
  <testcase name="contextLoads" classname="com.example.internshipplatform.InternshipPlatformApplicationTests" time="0.116">
    <system-out><![CDATA[01:07:34.479 [main] DEBUG org.springframework.test.context.BootstrapUtils - Instantiating CacheAwareContextLoaderDelegate from class [org.springframework.test.context.cache.DefaultCacheAwareContextLoaderDelegate]
01:07:34.484 [main] DEBUG org.springframework.test.context.BootstrapUtils - Instantiating BootstrapContext using constructor [public org.springframework.test.context.support.DefaultBootstrapContext(java.lang.Class,org.springframework.test.context.CacheAwareContextLoaderDelegate)]
01:07:34.497 [main] DEBUG org.springframework.test.context.BootstrapUtils - Instantiating TestContextBootstrapper for test class [com.example.internshipplatform.InternshipPlatformApplicationTests] from class [org.springframework.boot.test.context.SpringBootTestContextBootstrapper]
01:07:34.502 [main] INFO org.springframework.boot.test.context.SpringBootTestContextBootstrapper - Neither @ContextConfiguration nor @ContextHierarchy found for test class [com.example.internshipplatform.InternshipPlatformApplicationTests], using SpringBootContextLoader
01:07:34.504 [main] DEBUG org.springframework.test.context.support.AbstractContextLoader - Did not detect default resource location for test class [com.example.internshipplatform.InternshipPlatformApplicationTests]: class path resource [com/example/internshipplatform/InternshipPlatformApplicationTests-context.xml] does not exist
01:07:34.504 [main] DEBUG org.springframework.test.context.support.AbstractContextLoader - Did not detect default resource location for test class [com.example.internshipplatform.InternshipPlatformApplicationTests]: class path resource [com/example/internshipplatform/InternshipPlatformApplicationTestsContext.groovy] does not exist
01:07:34.504 [main] INFO org.springframework.test.context.support.AbstractContextLoader - Could not detect default resource locations for test class [com.example.internshipplatform.InternshipPlatformApplicationTests]: no resource found for suffixes {-context.xml, Context.groovy}.
01:07:34.504 [main] INFO org.springframework.test.context.support.AnnotationConfigContextLoaderUtils - Could not detect default configuration classes for test class [com.example.internshipplatform.InternshipPlatformApplicationTests]: InternshipPlatformApplicationTests does not declare any static, non-private, non-final, nested classes annotated with @Configuration.
01:07:34.518 [main] DEBUG org.springframework.test.context.support.ActiveProfilesUtils - Could not find an 'annotation declaring class' for annotation type [org.springframework.test.context.ActiveProfiles] and class [com.example.internshipplatform.InternshipPlatformApplicationTests]
01:07:34.544 [main] DEBUG org.springframework.context.annotation.ClassPathScanningCandidateComponentProvider - Identified candidate component class: file [/Users/administrator/Desktop/projects/lahacks25/backend/target/classes/com/example/internshipplatform/InternshipPlatformApplication.class]
01:07:34.544 [main] INFO org.springframework.boot.test.context.SpringBootTestContextBootstrapper - Found @SpringBootConfiguration com.example.internshipplatform.InternshipPlatformApplication for test class com.example.internshipplatform.InternshipPlatformApplicationTests
01:07:34.578 [main] DEBUG org.springframework.boot.test.context.SpringBootTestContextBootstrapper - @TestExecutionListeners is not present for class [com.example.internshipplatform.InternshipPlatformApplicationTests]: using defaults.
01:07:34.578 [main] INFO org.springframework.boot.test.context.SpringBootTestContextBootstrapper - Loaded default TestExecutionListener class names from location [META-INF/spring.factories]: [org.springframework.boot.test.mock.mockito.MockitoTestExecutionListener, org.springframework.boot.test.mock.mockito.ResetMocksTestExecutionListener, org.springframework.boot.test.autoconfigure.restdocs.RestDocsTestExecutionListener, org.springframework.boot.test.autoconfigure.web.client.MockRestServiceServerResetTestExecutionListener, org.springframework.boot.test.autoconfigure.web.servlet.MockMvcPrintOnlyOnFailureTestExecutionListener, org.springframework.boot.test.autoconfigure.web.servlet.WebDriverTestExecutionListener, org.springframework.boot.test.autoconfigure.webservices.client.MockWebServiceServerTestExecutionListener, org.springframework.test.context.web.ServletTestExecutionListener, org.springframework.test.context.support.DirtiesContextBeforeModesTestExecutionListener, org.springframework.test.context.event.ApplicationEventsTestExecutionListener, org.springframework.test.context.support.DependencyInjectionTestExecutionListener, org.springframework.test.context.support.DirtiesContextTestExecutionListener, org.springframework.test.context.transaction.TransactionalTestExecutionListener, org.springframework.test.context.jdbc.SqlScriptsTestExecutionListener, org.springframework.test.context.event.EventPublishingTestExecutionListener]
01:07:34.584 [main] INFO org.springframework.boot.test.context.SpringBootTestContextBootstrapper - Using TestExecutionListeners: [org.springframework.test.context.web.ServletTestExecutionListener@39a2bb97, org.springframework.test.context.support.DirtiesContextBeforeModesTestExecutionListener@3ad2e17, org.springframework.test.context.event.ApplicationEventsTestExecutionListener@8c3619e, org.springframework.boot.test.mock.mockito.MockitoTestExecutionListener@4331d187, org.springframework.boot.test.autoconfigure.SpringBootDependencyInjectionTestExecutionListener@6f63b475, org.springframework.test.context.support.DirtiesContextTestExecutionListener@554e218, org.springframework.test.context.transaction.TransactionalTestExecutionListener@1608bcbd, org.springframework.test.context.jdbc.SqlScriptsTestExecutionListener@5bf8fa12, org.springframework.test.context.event.EventPublishingTestExecutionListener@29ca3d04, org.springframework.boot.test.mock.mockito.ResetMocksTestExecutionListener@b2c5e07, org.springframework.boot.test.autoconfigure.restdocs.RestDocsTestExecutionListener@5812f68b, org.springframework.boot.test.autoconfigure.web.client.MockRestServiceServerResetTestExecutionListener@4426bff1, org.springframework.boot.test.autoconfigure.web.servlet.MockMvcPrintOnlyOnFailureTestExecutionListener@3c7c886c, org.springframework.boot.test.autoconfigure.web.servlet.WebDriverTestExecutionListener@55493582, org.springframework.boot.test.autoconfigure.webservices.client.MockWebServiceServerTestExecutionListener@1a20270e]
01:07:34.586 [main] DEBUG org.springframework.test.context.support.AbstractDirtiesContextTestExecutionListener - Before test class: context [DefaultTestContext@335b5620 testClass = InternshipPlatformApplicationTests, testInstance = [null], testMethod = [null], testException = [null], mergedContextConfiguration = [WebMergedContextConfiguration@29a0cdb testClass = InternshipPlatformApplicationTests, locations = '{}', classes = '{class com.example.internshipplatform.InternshipPlatformApplication}', contextInitializerClasses = '[]', activeProfiles = '{}', propertySourceLocations = '{}', propertySourceProperties = '{org.springframework.boot.test.context.SpringBootTestContextBootstrapper=true}', contextCustomizers = set[org.springframework.boot.test.context.filter.ExcludeFilterContextCustomizer@59505b48, org.springframework.boot.test.json.DuplicateJsonObjectContextCustomizerFactory$DuplicateJsonObjectContextCustomizer@48aca48b, org.springframework.boot.test.mock.mockito.MockitoContextCustomizer@0, org.springframework.boot.test.web.client.TestRestTemplateContextCustomizer@5d534f5d, org.springframework.boot.test.autoconfigure.actuate.metrics.MetricsExportContextCustomizerFactory$DisableMetricExportContextCustomizer@4a883b15, org.springframework.boot.test.autoconfigure.properties.PropertyMappingContextCustomizer@0, org.springframework.boot.test.autoconfigure.web.servlet.WebDriverContextCustomizerFactory$Customizer@2892d68, org.springframework.boot.test.context.SpringBootTestArgs@1, org.springframework.boot.test.context.SpringBootTestWebEnvironment@4516af24], resourceBasePath = 'src/main/webapp', contextLoader = 'org.springframework.boot.test.context.SpringBootContextLoader', parent = [null]], attributes = map['org.springframework.test.context.web.ServletTestExecutionListener.activateListener' -> true]], class annotated with @DirtiesContext [false] with mode [null].
01:07:34.598 [main] DEBUG org.springframework.test.context.support.TestPropertySourceUtils - Adding inlined properties to environment: {spring.jmx.enabled=false, org.springframework.boot.test.context.SpringBootTestContextBootstrapper=true}

  .   ____          _            __ _ _
 /\\ / ___'_ __ _ _(_)_ __  __ _ \ \ \ \
( ( )\___ | '_ | '_| | '_ \/ _` | \ \ \ \
 \\/  ___)| |_)| | | | | || (_| |  ) ) ) )
  '  |____| .__|_| |_|_| |_\__, | / / / /
 =========|_|==============|___/=/_/_/_/
&amp#27;[32m :: Spring Boot :: &amp#27;[39m              &amp#27;[2m (v2.5.4)&amp#27;[0;39m

&amp#27;[2m2025-04-27 01:07:34.691&amp#27;[0;39m &amp#27;[32m INFO&amp#27;[0;39m &amp#27;[35m71308&amp#27;[0;39m &amp#27;[2m---&amp#27;[0;39m &amp#27;[2m[           main]&amp#27;[0;39m &amp#27;[36mc.e.i.InternshipPlatformApplicationTests&amp#27;[0;39m &amp#27;[2m:&amp#27;[0;39m Starting InternshipPlatformApplicationTests using Java 23.0.2 on Alis-MacBook-Air.local with PID 71308 (started by administrator in /Users/administrator/Desktop/projects/lahacks25/backend)
&amp#27;[2m2025-04-27 01:07:34.692&amp#27;[0;39m &amp#27;[32m INFO&amp#27;[0;39m &amp#27;[35m71308&amp#27;[0;39m &amp#27;[2m---&amp#27;[0;39m &amp#27;[2m[           main]&amp#27;[0;39m &amp#27;[36mc.e.i.InternshipPlatformApplicationTests&amp#27;[0;39m &amp#27;[2m:&amp#27;[0;39m No active profile set, falling back to default profiles: default
&amp#27;[2m2025-04-27 01:07:34.960&amp#27;[0;39m &amp#27;[32m INFO&amp#27;[0;39m &amp#27;[35m71308&amp#27;[0;39m &amp#27;[2m---&amp#27;[0;39m &amp#27;[2m[           main]&amp#27;[0;39m &amp#27;[36m.s.d.r.c.RepositoryConfigurationDelegate&amp#27;[0;39m &amp#27;[2m:&amp#27;[0;39m Bootstrapping Spring Data MongoDB repositories in DEFAULT mode.
&amp#27;[2m2025-04-27 01:07:35.018&amp#27;[0;39m &amp#27;[32m INFO&amp#27;[0;39m &amp#27;[35m71308&amp#27;[0;39m &amp#27;[2m---&amp#27;[0;39m &amp#27;[2m[           main]&amp#27;[0;39m &amp#27;[36m.s.d.r.c.RepositoryConfigurationDelegate&amp#27;[0;39m &amp#27;[2m:&amp#27;[0;39m Finished Spring Data repository scanning in 56 ms. Found 2 MongoDB repository interfaces.
&amp#27;[2m2025-04-27 01:07:35.358&amp#27;[0;39m &amp#27;[32m INFO&amp#27;[0;39m &amp#27;[35m71308&amp#27;[0;39m &amp#27;[2m---&amp#27;[0;39m &amp#27;[2m[           main]&amp#27;[0;39m &amp#27;[36morg.mongodb.driver.cluster              &amp#27;[0;39m &amp#27;[2m:&amp#27;[0;39m Cluster created with settings {hosts=[127.0.0.1:27017], srvHost=cluster0.dwnx4jq.mongodb.net, mode=MULTIPLE, requiredClusterType=REPLICA_SET, serverSelectionTimeout='30000 ms', requiredReplicaSetName='atlas-19wujy-shard-0'}
&amp#27;[2m2025-04-27 01:07:35.420&amp#27;[0;39m &amp#27;[32m INFO&amp#27;[0;39m &amp#27;[35m71308&amp#27;[0;39m &amp#27;[2m---&amp#27;[0;39m &amp#27;[2m[4jq.mongodb.net]&amp#27;[0;39m &amp#27;[36morg.mongodb.driver.cluster              &amp#27;[0;39m &amp#27;[2m:&amp#27;[0;39m Adding discovered server ac-fhslwnw-shard-00-01.dwnx4jq.mongodb.net:27017 to client view of cluster
&amp#27;[2m2025-04-27 01:07:35.429&amp#27;[0;39m &amp#27;[32m INFO&amp#27;[0;39m &amp#27;[35m71308&amp#27;[0;39m &amp#27;[2m---&amp#27;[0;39m &amp#27;[2m[4jq.mongodb.net]&amp#27;[0;39m &amp#27;[36morg.mongodb.driver.cluster              &amp#27;[0;39m &amp#27;[2m:&amp#27;[0;39m Adding discovered server ac-fhslwnw-shard-00-02.dwnx4jq.mongodb.net:27017 to client view of cluster
&amp#27;[2m2025-04-27 01:07:35.429&amp#27;[0;39m &amp#27;[32m INFO&amp#27;[0;39m &amp#27;[35m71308&amp#27;[0;39m &amp#27;[2m---&amp#27;[0;39m &amp#27;[2m[4jq.mongodb.net]&amp#27;[0;39m &amp#27;[36morg.mongodb.driver.cluster              &amp#27;[0;39m &amp#27;[2m:&amp#27;[0;39m Adding discovered server ac-fhslwnw-shard-00-00.dwnx4jq.mongodb.net:27017 to client view of cluster
&amp#27;[2m2025-04-27 01:07:35.793&amp#27;[0;39m &amp#27;[32m INFO&amp#27;[0;39m &amp#27;[35m71308&amp#27;[0;39m &amp#27;[2m---&amp#27;[0;39m &amp#27;[2m[           main]&amp#27;[0;39m &amp#27;[36mc.e.i.InternshipPlatformApplicationTests&amp#27;[0;39m &amp#27;[2m:&amp#27;[0;39m Started InternshipPlatformApplicationTests in 1.192 seconds (JVM running for 1.553)
]]></system-out>
  </testcase>
</testsuite>